Analysis & Synthesis report for lab5
Tue Feb 17 20:42:00 2015
Quartus II 64-Bit Version 13.0.1 Build 232 06/12/2013 Service Pack 1 SJ Full Version


---------------------
; Table of Contents ;
---------------------
  1. Legal Notice
  2. Analysis & Synthesis Summary
  3. Analysis & Synthesis Settings
  4. Parallel Compilation
  5. Analysis & Synthesis Source Files Read
  6. Analysis & Synthesis Resource Usage Summary
  7. Analysis & Synthesis Resource Utilization by Entity
  8. State Machine - |lab5|lcd:C7|state
  9. State Machine - |lab5|one_shot:C2|state
 10. User-Specified and Inferred Latches
 11. Registers Removed During Synthesis
 12. Removed Registers Triggering Further Register Optimizations
 13. General Register Statistics
 14. Multiplexer Restructuring Statistics (Restructuring Performed)
 15. Port Connectivity Checks: "uasend:C4|shift_reg_10_l_en:C1"
 16. Elapsed Time Per Partition
 17. Analysis & Synthesis Messages
 18. Analysis & Synthesis Suppressed Messages



----------------
; Legal Notice ;
----------------
Copyright (C) 1991-2013 Altera Corporation
Your use of Altera Corporation's design tools, logic functions 
and other software and tools, and its AMPP partner logic 
functions, and any output files from any of the foregoing 
(including device programming or simulation files), and any 
associated documentation or information are expressly subject 
to the terms and conditions of the Altera Program License 
Subscription Agreement, Altera MegaCore Function License 
Agreement, or other applicable license agreement, including, 
without limitation, that your use is for the sole purpose of 
programming logic devices manufactured by Altera and sold by 
Altera or its authorized distributors.  Please refer to the 
applicable agreement for further details.



+---------------------------------------------------------------------------------------+
; Analysis & Synthesis Summary                                                          ;
+------------------------------------+--------------------------------------------------+
; Analysis & Synthesis Status        ; Successful - Tue Feb 17 20:42:00 2015            ;
; Quartus II 64-Bit Version          ; 13.0.1 Build 232 06/12/2013 SP 1 SJ Full Version ;
; Revision Name                      ; lab5                                             ;
; Top-level Entity Name              ; lab5                                             ;
; Family                             ; Cyclone IV E                                     ;
; Total logic elements               ; 245                                              ;
;     Total combinational functions  ; 182                                              ;
;     Dedicated logic registers      ; 140                                              ;
; Total registers                    ; 140                                              ;
; Total pins                         ; 80                                               ;
; Total virtual pins                 ; 0                                                ;
; Total memory bits                  ; 0                                                ;
; Embedded Multiplier 9-bit elements ; 0                                                ;
; Total PLLs                         ; 0                                                ;
+------------------------------------+--------------------------------------------------+


+----------------------------------------------------------------------------------------------------------------------+
; Analysis & Synthesis Settings                                                                                        ;
+----------------------------------------------------------------------------+--------------------+--------------------+
; Option                                                                     ; Setting            ; Default Value      ;
+----------------------------------------------------------------------------+--------------------+--------------------+
; Device                                                                     ; EP4CE115F29C7      ;                    ;
; Top-level entity name                                                      ; lab5               ; lab5               ;
; Family name                                                                ; Cyclone IV E       ; Cyclone IV GX      ;
; Use smart compilation                                                      ; Off                ; Off                ;
; Enable parallel Assembler and TimeQuest Timing Analyzer during compilation ; On                 ; On                 ;
; Enable compact report table                                                ; Off                ; Off                ;
; Restructure Multiplexers                                                   ; Auto               ; Auto               ;
; Create Debugging Nodes for IP Cores                                        ; Off                ; Off                ;
; Preserve fewer node names                                                  ; On                 ; On                 ;
; Disable OpenCore Plus hardware evaluation                                  ; Off                ; Off                ;
; Verilog Version                                                            ; Verilog_2001       ; Verilog_2001       ;
; VHDL Version                                                               ; VHDL_1993          ; VHDL_1993          ;
; State Machine Processing                                                   ; Auto               ; Auto               ;
; Safe State Machine                                                         ; Off                ; Off                ;
; Extract Verilog State Machines                                             ; On                 ; On                 ;
; Extract VHDL State Machines                                                ; On                 ; On                 ;
; Ignore Verilog initial constructs                                          ; Off                ; Off                ;
; Iteration limit for constant Verilog loops                                 ; 5000               ; 5000               ;
; Iteration limit for non-constant Verilog loops                             ; 250                ; 250                ;
; Add Pass-Through Logic to Inferred RAMs                                    ; On                 ; On                 ;
; Infer RAMs from Raw Logic                                                  ; On                 ; On                 ;
; Parallel Synthesis                                                         ; On                 ; On                 ;
; DSP Block Balancing                                                        ; Auto               ; Auto               ;
; NOT Gate Push-Back                                                         ; On                 ; On                 ;
; Power-Up Don't Care                                                        ; On                 ; On                 ;
; Remove Redundant Logic Cells                                               ; Off                ; Off                ;
; Remove Duplicate Registers                                                 ; On                 ; On                 ;
; Ignore CARRY Buffers                                                       ; Off                ; Off                ;
; Ignore CASCADE Buffers                                                     ; Off                ; Off                ;
; Ignore GLOBAL Buffers                                                      ; Off                ; Off                ;
; Ignore ROW GLOBAL Buffers                                                  ; Off                ; Off                ;
; Ignore LCELL Buffers                                                       ; Off                ; Off                ;
; Ignore SOFT Buffers                                                        ; On                 ; On                 ;
; Limit AHDL Integers to 32 Bits                                             ; Off                ; Off                ;
; Optimization Technique                                                     ; Balanced           ; Balanced           ;
; Carry Chain Length                                                         ; 70                 ; 70                 ;
; Auto Carry Chains                                                          ; On                 ; On                 ;
; Auto Open-Drain Pins                                                       ; On                 ; On                 ;
; Perform WYSIWYG Primitive Resynthesis                                      ; Off                ; Off                ;
; Auto ROM Replacement                                                       ; On                 ; On                 ;
; Auto RAM Replacement                                                       ; On                 ; On                 ;
; Auto DSP Block Replacement                                                 ; On                 ; On                 ;
; Auto Shift Register Replacement                                            ; Auto               ; Auto               ;
; Allow Shift Register Merging across Hierarchies                            ; Auto               ; Auto               ;
; Auto Clock Enable Replacement                                              ; On                 ; On                 ;
; Strict RAM Replacement                                                     ; Off                ; Off                ;
; Allow Synchronous Control Signals                                          ; On                 ; On                 ;
; Force Use of Synchronous Clear Signals                                     ; Off                ; Off                ;
; Auto RAM Block Balancing                                                   ; On                 ; On                 ;
; Auto RAM to Logic Cell Conversion                                          ; Off                ; Off                ;
; Auto Resource Sharing                                                      ; Off                ; Off                ;
; Allow Any RAM Size For Recognition                                         ; Off                ; Off                ;
; Allow Any ROM Size For Recognition                                         ; Off                ; Off                ;
; Allow Any Shift Register Size For Recognition                              ; Off                ; Off                ;
; Use LogicLock Constraints during Resource Balancing                        ; On                 ; On                 ;
; Ignore translate_off and synthesis_off directives                          ; Off                ; Off                ;
; Timing-Driven Synthesis                                                    ; On                 ; On                 ;
; Report Parameter Settings                                                  ; On                 ; On                 ;
; Report Source Assignments                                                  ; On                 ; On                 ;
; Report Connectivity Checks                                                 ; On                 ; On                 ;
; Ignore Maximum Fan-Out Assignments                                         ; Off                ; Off                ;
; Synchronization Register Chain Length                                      ; 2                  ; 2                  ;
; PowerPlay Power Optimization                                               ; Normal compilation ; Normal compilation ;
; HDL message level                                                          ; Level2             ; Level2             ;
; Suppress Register Optimization Related Messages                            ; Off                ; Off                ;
; Number of Removed Registers Reported in Synthesis Report                   ; 5000               ; 5000               ;
; Number of Swept Nodes Reported in Synthesis Report                         ; 5000               ; 5000               ;
; Number of Inverted Registers Reported in Synthesis Report                  ; 100                ; 100                ;
; Clock MUX Protection                                                       ; On                 ; On                 ;
; Auto Gated Clock Conversion                                                ; Off                ; Off                ;
; Block Design Naming                                                        ; Auto               ; Auto               ;
; SDC constraint protection                                                  ; Off                ; Off                ;
; Synthesis Effort                                                           ; Auto               ; Auto               ;
; Shift Register Replacement - Allow Asynchronous Clear Signal               ; On                 ; On                 ;
; Pre-Mapping Resynthesis Optimization                                       ; Off                ; Off                ;
; Analysis & Synthesis Message Level                                         ; Medium             ; Medium             ;
; Disable Register Merging Across Hierarchies                                ; Auto               ; Auto               ;
; Resource Aware Inference For Block RAM                                     ; On                 ; On                 ;
; Synthesis Seed                                                             ; 1                  ; 1                  ;
+----------------------------------------------------------------------------+--------------------+--------------------+


+------------------------------------------+
; Parallel Compilation                     ;
+----------------------------+-------------+
; Processors                 ; Number      ;
+----------------------------+-------------+
; Number detected on machine ; 4           ;
; Maximum allowed            ; 4           ;
;                            ;             ;
; Average used               ; 1.00        ;
; Maximum used               ; 1           ;
;                            ;             ;
; Usage by Processor         ; % Time Used ;
;     Processor 1            ; 100.0%      ;
;     Processors 2-4         ;   0.0%      ;
+----------------------------+-------------+


+-------------------------------------------------------------------------------------------------------------------------------------------------------------------------------+
; Analysis & Synthesis Source Files Read                                                                                                                                        ;
+----------------------------------+-----------------+------------------------------+---------------------------------------------------------------------------------+---------+
; File Name with User-Entered Path ; Used in Netlist ; File Type                    ; File Name with Absolute Path                                                    ; Library ;
+----------------------------------+-----------------+------------------------------+---------------------------------------------------------------------------------+---------+
; lcd.v                            ; yes             ; User Verilog HDL File        ; C:/Users/wells/Documents/cpe324_sp_15/labs/lab5/lab5_template/lcd.v             ;         ;
; keypad_scanner.v                 ; yes             ; User Verilog HDL File        ; C:/Users/wells/Documents/cpe324_sp_15/labs/lab5/lab5_template/keypad_scanner.v  ;         ;
; hex_seven_shift.v                ; yes             ; User Verilog HDL File        ; C:/Users/wells/Documents/cpe324_sp_15/labs/lab5/lab5_template/hex_seven_shift.v ;         ;
; clock_en.v                       ; yes             ; User Verilog HDL File        ; C:/Users/wells/Documents/cpe324_sp_15/labs/lab5/lab5_template/clock_en.v        ;         ;
; bin_to_ascii.v                   ; yes             ; User Verilog HDL File        ; C:/Users/wells/Documents/cpe324_sp_15/labs/lab5/lab5_template/bin_to_ascii.v    ;         ;
; lab5.v                           ; yes             ; User Verilog HDL File        ; C:/Users/wells/Documents/cpe324_sp_15/labs/lab5/lab5_template/lab5.v            ;         ;
; uarec.v                          ; yes             ; User Verilog HDL File        ; C:/Users/wells/Documents/cpe324_sp_15/labs/lab5/lab5_template/uarec.v           ;         ;
; one_shot.v                       ; yes             ; Auto-Found Verilog HDL File  ; C:/Users/wells/Documents/cpe324_sp_15/labs/lab5/lab5_template/one_shot.v        ;         ;
; uasend.v                         ; yes             ; Auto-Found Verilog HDL File  ; C:/Users/wells/Documents/cpe324_sp_15/labs/lab5/lab5_template/uasend.v          ;         ;
+----------------------------------+-----------------+------------------------------+---------------------------------------------------------------------------------+---------+


+--------------------------------------------------------------+
; Analysis & Synthesis Resource Usage Summary                  ;
+---------------------------------------------+----------------+
; Resource                                    ; Usage          ;
+---------------------------------------------+----------------+
; Estimated Total logic elements              ; 245            ;
;                                             ;                ;
; Total combinational functions               ; 182            ;
; Logic element usage by number of LUT inputs ;                ;
;     -- 4 input functions                    ; 79             ;
;     -- 3 input functions                    ; 22             ;
;     -- <=2 input functions                  ; 81             ;
;                                             ;                ;
; Logic elements by mode                      ;                ;
;     -- normal mode                          ; 144            ;
;     -- arithmetic mode                      ; 38             ;
;                                             ;                ;
; Total registers                             ; 140            ;
;     -- Dedicated logic registers            ; 140            ;
;     -- I/O registers                        ; 0              ;
;                                             ;                ;
; I/O pins                                    ; 80             ;
; Embedded Multiplier 9-bit elements          ; 0              ;
; Maximum fan-out node                        ; CLOCK_50~input ;
; Maximum fan-out                             ; 71             ;
; Total fan-out                               ; 1010           ;
; Average fan-out                             ; 2.10           ;
+---------------------------------------------+----------------+


+---------------------------------------------------------------------------------------------------------------------------------------------------------------------------------------------------------------------+
; Analysis & Synthesis Resource Utilization by Entity                                                                                                                                                                 ;
+--------------------------------+-------------------+--------------+-------------+--------------+---------+-----------+------+--------------+---------------------------------------------------------+--------------+
; Compilation Hierarchy Node     ; LC Combinationals ; LC Registers ; Memory Bits ; DSP Elements ; DSP 9x9 ; DSP 18x18 ; Pins ; Virtual Pins ; Full Hierarchy Name                                     ; Library Name ;
+--------------------------------+-------------------+--------------+-------------+--------------+---------+-----------+------+--------------+---------------------------------------------------------+--------------+
; |lab5                          ; 182 (0)           ; 140 (0)      ; 0           ; 0            ; 0       ; 0         ; 80   ; 0            ; |lab5                                                   ; work         ;
;    |hex_seven_shift:C5|        ; 7 (7)             ; 56 (56)      ; 0           ; 0            ; 0       ; 0         ; 0    ; 0            ; |lab5|hex_seven_shift:C5                                ; work         ;
;    |keypad_scanner:C0|         ; 31 (0)            ; 29 (0)       ; 0           ; 0            ; 0       ; 0         ; 0    ; 0            ; |lab5|keypad_scanner:C0                                 ; work         ;
;       |clock_gen:C0|           ; 17 (17)           ; 16 (16)      ; 0           ; 0            ; 0       ; 0         ; 0    ; 0            ; |lab5|keypad_scanner:C0|clock_gen:C0                    ; work         ;
;       |debounce:C2|            ; 4 (0)             ; 9 (0)        ; 0           ; 0            ; 0       ; 0         ; 0    ; 0            ; |lab5|keypad_scanner:C0|debounce:C2                     ; work         ;
;          |jk_ff:FF0|           ; 4 (4)             ; 1 (1)        ; 0           ; 0            ; 0       ; 0         ; 0    ; 0            ; |lab5|keypad_scanner:C0|debounce:C2|jk_ff:FF0           ; work         ;
;          |shift_reg_8:C0|      ; 0 (0)             ; 8 (8)        ; 0           ; 0            ; 0       ; 0         ; 0    ; 0            ; |lab5|keypad_scanner:C0|debounce:C2|shift_reg_8:C0      ; work         ;
;       |key_scan:C1|            ; 10 (0)            ; 4 (0)        ; 0           ; 0            ; 0       ; 0         ; 0    ; 0            ; |lab5|keypad_scanner:C0|key_scan:C1                     ; work         ;
;          |binary_counter_4:C2| ; 4 (4)             ; 4 (4)        ; 0           ; 0            ; 0       ; 0         ; 0    ; 0            ; |lab5|keypad_scanner:C0|key_scan:C1|binary_counter_4:C2 ; work         ;
;          |decoder_2to4_:C0|    ; 4 (4)             ; 0 (0)        ; 0           ; 0            ; 0       ; 0         ; 0    ; 0            ; |lab5|keypad_scanner:C0|key_scan:C1|decoder_2to4_:C0    ; work         ;
;          |mux_4_1:C1|          ; 2 (2)             ; 0 (0)        ; 0           ; 0            ; 0       ; 0         ; 0    ; 0            ; |lab5|keypad_scanner:C0|key_scan:C1|mux_4_1:C1          ; work         ;
;    |lcd:C7|                    ; 144 (144)         ; 55 (55)      ; 0           ; 0            ; 0       ; 0         ; 0    ; 0            ; |lab5|lcd:C7                                            ; work         ;
+--------------------------------+-------------------+--------------+-------------+--------------+---------+-----------+------+--------------+---------------------------------------------------------+--------------+
Note: For table entries with two numbers listed, the numbers in parentheses indicate the number of resources of the given type used by the specific entity alone. The numbers listed outside of parentheses indicate the total resources of the given type used by the specific entity and all of its sub-entities in the hierarchy.


Encoding Type:  One-Hot
+-----------------------------------------------------------------------------------------------------------------------------------------------------------+
; State Machine - |lab5|lcd:C7|state                                                                                                                        ;
+------------+------------+------------+------------+------------+------------+------------+------------+------------+------------+------------+------------+
; Name       ; state.1010 ; state.1001 ; state.1000 ; state.0111 ; state.0110 ; state.0101 ; state.0100 ; state.0011 ; state.0010 ; state.0001 ; state.0000 ;
+------------+------------+------------+------------+------------+------------+------------+------------+------------+------------+------------+------------+
; state.0000 ; 0          ; 0          ; 0          ; 0          ; 0          ; 0          ; 0          ; 0          ; 0          ; 0          ; 0          ;
; state.0001 ; 0          ; 0          ; 0          ; 0          ; 0          ; 0          ; 0          ; 0          ; 0          ; 1          ; 1          ;
; state.0010 ; 0          ; 0          ; 0          ; 0          ; 0          ; 0          ; 0          ; 0          ; 1          ; 0          ; 1          ;
; state.0011 ; 0          ; 0          ; 0          ; 0          ; 0          ; 0          ; 0          ; 1          ; 0          ; 0          ; 1          ;
; state.0100 ; 0          ; 0          ; 0          ; 0          ; 0          ; 0          ; 1          ; 0          ; 0          ; 0          ; 1          ;
; state.0101 ; 0          ; 0          ; 0          ; 0          ; 0          ; 1          ; 0          ; 0          ; 0          ; 0          ; 1          ;
; state.0110 ; 0          ; 0          ; 0          ; 0          ; 1          ; 0          ; 0          ; 0          ; 0          ; 0          ; 1          ;
; state.0111 ; 0          ; 0          ; 0          ; 1          ; 0          ; 0          ; 0          ; 0          ; 0          ; 0          ; 1          ;
; state.1000 ; 0          ; 0          ; 1          ; 0          ; 0          ; 0          ; 0          ; 0          ; 0          ; 0          ; 1          ;
; state.1001 ; 0          ; 1          ; 0          ; 0          ; 0          ; 0          ; 0          ; 0          ; 0          ; 0          ; 1          ;
; state.1010 ; 1          ; 0          ; 0          ; 0          ; 0          ; 0          ; 0          ; 0          ; 0          ; 0          ; 1          ;
+------------+------------+------------+------------+------------+------------+------------+------------+------------+------------+------------+------------+


Encoding Type:  One-Hot
+-----------------------------------------+
; State Machine - |lab5|one_shot:C2|state ;
+---------+-------------------------------+
; Name    ; state.1                       ;
+---------+-------------------------------+
; state.0 ; 0                             ;
; state.1 ; 1                             ;
+---------+-------------------------------+


+-------------------------------------------------------------------------------------------------------------------------+
; User-Specified and Inferred Latches                                                                                     ;
+----------------------------------------------------+-------------------------------------------+------------------------+
; Latch Name                                         ; Latch Enable Signal                       ; Free of Timing Hazards ;
+----------------------------------------------------+-------------------------------------------+------------------------+
; keypad_scanner:C0|clock_gen:C0|scan_clk            ; keypad_scanner:C0|debounce:C2|jk_ff:FF0|q ; yes                    ;
; Number of user-specified and inferred latches = 1  ;                                           ;                        ;
+----------------------------------------------------+-------------------------------------------+------------------------+
Note: All latches listed above may not be present at the end of synthesis due to various synthesis optimizations.


+--------------------------------------------------------------------------------------------+
; Registers Removed During Synthesis                                                         ;
+----------------------------------------------+---------------------------------------------+
; Register name                                ; Reason for Removal                          ;
+----------------------------------------------+---------------------------------------------+
; uarec:C6|shift_reg_8_en:C3|dout[0..7]        ; Stuck at GND due to stuck port clock_enable ;
; uasend:C4|shift_reg_10_l_en:C1|sendbuf[0..9] ; Lost fanout                                 ;
; lcd:C7|ds_buf                                ; Stuck at GND due to stuck port data_in      ;
; uasend:C4|shift_reg_10_l_en:C1|dout          ; Stuck at VCC due to stuck port data_in      ;
; lcd:C7|rw                                    ; Stuck at GND due to stuck port data_in      ;
; one_shot:C2|state.1                          ; Lost fanout                                 ;
; lcd:C7|state~13                              ; Lost fanout                                 ;
; lcd:C7|state~14                              ; Lost fanout                                 ;
; lcd:C7|state~15                              ; Lost fanout                                 ;
; lcd:C7|state~16                              ; Lost fanout                                 ;
; Total Number of Removed Registers = 26       ;                                             ;
+----------------------------------------------+---------------------------------------------+


+----------------------------------------------------------------------------------------------------------------------------------------------+
; Removed Registers Triggering Further Register Optimizations                                                                                  ;
+------------------------------------+--------------------------------+------------------------------------------------------------------------+
; Register name                      ; Reason for Removal             ; Registers Removed due to This Register                                 ;
+------------------------------------+--------------------------------+------------------------------------------------------------------------+
; uarec:C6|shift_reg_8_en:C3|dout[2] ; Stuck at GND                   ; uarec:C6|shift_reg_8_en:C3|dout[1], uarec:C6|shift_reg_8_en:C3|dout[0] ;
;                                    ; due to stuck port clock_enable ;                                                                        ;
; lcd:C7|ds_buf                      ; Stuck at GND                   ; lcd:C7|rw                                                              ;
;                                    ; due to stuck port data_in      ;                                                                        ;
+------------------------------------+--------------------------------+------------------------------------------------------------------------+


+------------------------------------------------------+
; General Register Statistics                          ;
+----------------------------------------------+-------+
; Statistic                                    ; Value ;
+----------------------------------------------+-------+
; Total registers                              ; 140   ;
; Number of registers using Synchronous Clear  ; 0     ;
; Number of registers using Synchronous Load   ; 0     ;
; Number of registers using Asynchronous Clear ; 0     ;
; Number of registers using Asynchronous Load  ; 0     ;
; Number of registers using Clock Enable       ; 44    ;
; Number of registers using Preset             ; 0     ;
+----------------------------------------------+-------+


+------------------------------------------------------------------------------------------------------------------------------------------+
; Multiplexer Restructuring Statistics (Restructuring Performed)                                                                           ;
+--------------------+-----------+---------------+----------------------+------------------------+------------+----------------------------+
; Multiplexer Inputs ; Bus Width ; Baseline Area ; Area if Restructured ; Saving if Restructured ; Registered ; Example Multiplexer Output ;
+--------------------+-----------+---------------+----------------------+------------------------+------------+----------------------------+
; 4:1                ; 5 bits    ; 10 LEs        ; 0 LEs                ; 10 LEs                 ; Yes        ; |lab5|lcd:C7|ch_num[4]     ;
; 4:1                ; 6 bits    ; 12 LEs        ; 6 LEs                ; 6 LEs                  ; Yes        ; |lab5|lcd:C7|lcount[1]     ;
; 10:1               ; 2 bits    ; 12 LEs        ; 4 LEs                ; 8 LEs                  ; Yes        ; |lab5|lcd:C7|data_out[1]   ;
; 13:1               ; 21 bits   ; 168 LEs       ; 21 LEs               ; 147 LEs                ; Yes        ; |lab5|lcd:C7|lwait[1]      ;
; 6:1                ; 2 bits    ; 8 LEs         ; 4 LEs                ; 4 LEs                  ; No         ; |lab5|lcd:C7|Selector49    ;
+--------------------+-----------+---------------+----------------------+------------------------+------------+----------------------------+


+------------------------------------------------------------+
; Port Connectivity Checks: "uasend:C4|shift_reg_10_l_en:C1" ;
+--------+-------+----------+--------------------------------+
; Port   ; Type  ; Severity ; Details                        ;
+--------+-------+----------+--------------------------------+
; din[9] ; Input ; Info     ; Stuck at VCC                   ;
; din[0] ; Input ; Info     ; Stuck at GND                   ;
+--------+-------+----------+--------------------------------+


+-------------------------------+
; Elapsed Time Per Partition    ;
+----------------+--------------+
; Partition Name ; Elapsed Time ;
+----------------+--------------+
; Top            ; 00:00:00     ;
+----------------+--------------+


+-------------------------------+
; Analysis & Synthesis Messages ;
+-------------------------------+
Info: *******************************************************************
Info: Running Quartus II 64-Bit Analysis & Synthesis
    Info: Version 13.0.1 Build 232 06/12/2013 Service Pack 1 SJ Full Version
    Info: Processing started: Tue Feb 17 20:41:57 2015
Info: Command: quartus_map --read_settings_files=on --write_settings_files=off lab5 -c lab5
Info (20030): Parallel compilation is enabled and will use 4 of the 4 processors detected
Info (12021): Found 1 design units, including 1 entities, in source file lcd.v
    Info (12023): Found entity 1: lcd
Info (12021): Found 10 design units, including 10 entities, in source file keypad_scanner.v
    Info (12023): Found entity 1: keypad_scanner
    Info (12023): Found entity 2: clock_gen
    Info (12023): Found entity 3: key_scan
    Info (12023): Found entity 4: decoder_2to4_
    Info (12023): Found entity 5: mux_4_1
    Info (12023): Found entity 6: binary_counter_4
    Info (12023): Found entity 7: debounce
    Info (12023): Found entity 8: shift_reg_8
    Info (12023): Found entity 9: jk_ff
    Info (12023): Found entity 10: code_cnv
Info (12021): Found 1 design units, including 1 entities, in source file hex_seven_shift.v
    Info (12023): Found entity 1: hex_seven_shift
Info (12021): Found 1 design units, including 1 entities, in source file clock_en.v
    Info (12023): Found entity 1: clock_en
Info (12021): Found 1 design units, including 1 entities, in source file bin_to_ascii.v
    Info (12023): Found entity 1: bin_to_ascii
Info (12021): Found 1 design units, including 1 entities, in source file lab5.v
    Info (12023): Found entity 1: lab5
Info (12021): Found 4 design units, including 4 entities, in source file uarec.v
    Info (12023): Found entity 1: uarec
    Info (12023): Found entity 2: cycle_count_16
    Info (12023): Found entity 3: rec_control_logic
    Info (12023): Found entity 4: shift_reg_8_en
Info (12127): Elaborating entity "lab5" for the top level hierarchy
Info (12128): Elaborating entity "keypad_scanner" for hierarchy "keypad_scanner:C0"
Info (12128): Elaborating entity "clock_gen" for hierarchy "keypad_scanner:C0|clock_gen:C0"
Warning (10230): Verilog HDL assignment warning at keypad_scanner.v(66): truncated value with size 32 to match size of target (16)
Info (10041): Inferred latch for "scan_clk" at keypad_scanner.v(61)
Info (12128): Elaborating entity "key_scan" for hierarchy "keypad_scanner:C0|key_scan:C1"
Info (12128): Elaborating entity "decoder_2to4_" for hierarchy "keypad_scanner:C0|key_scan:C1|decoder_2to4_:C0"
Info (12128): Elaborating entity "mux_4_1" for hierarchy "keypad_scanner:C0|key_scan:C1|mux_4_1:C1"
Info (12128): Elaborating entity "binary_counter_4" for hierarchy "keypad_scanner:C0|key_scan:C1|binary_counter_4:C2"
Warning (10230): Verilog HDL assignment warning at keypad_scanner.v(135): truncated value with size 32 to match size of target (4)
Info (12128): Elaborating entity "debounce" for hierarchy "keypad_scanner:C0|debounce:C2"
Info (12128): Elaborating entity "shift_reg_8" for hierarchy "keypad_scanner:C0|debounce:C2|shift_reg_8:C0"
Info (12128): Elaborating entity "jk_ff" for hierarchy "keypad_scanner:C0|debounce:C2|jk_ff:FF0"
Info (12128): Elaborating entity "code_cnv" for hierarchy "keypad_scanner:C0|code_cnv:C3"
Warning (10230): Verilog HDL assignment warning at keypad_scanner.v(236): truncated value with size 7 to match size of target (4)
Info (12128): Elaborating entity "clock_en" for hierarchy "clock_en:C1"
Warning (10230): Verilog HDL assignment warning at clock_en.v(44): truncated value with size 32 to match size of target (4)
Warning (10230): Verilog HDL assignment warning at clock_en.v(49): truncated value with size 32 to match size of target (9)
Warning (12125): Using design file one_shot.v, which is not specified as a design file for the current project, but contains definitions for 1 design units and 1 entities in project
    Info (12023): Found entity 1: one_shot
Info (12128): Elaborating entity "one_shot" for hierarchy "one_shot:C2"
Info (12128): Elaborating entity "bin_to_ascii" for hierarchy "bin_to_ascii:C3"
Warning (10034): Output port "O" at bin_to_ascii.v(10) has no driver
Warning (12125): Using design file uasend.v, which is not specified as a design file for the current project, but contains definitions for 3 design units and 3 entities in project
    Info (12023): Found entity 1: uasend
    Info (12023): Found entity 2: send_control_logic
    Info (12023): Found entity 3: shift_reg_10_l_en
Info (12128): Elaborating entity "uasend" for hierarchy "uasend:C4"
Info (12128): Elaborating entity "send_control_logic" for hierarchy "uasend:C4|send_control_logic:C0"
Warning (10034): Output port "l" at uasend.v(32) has no driver
Warning (10034): Output port "s" at uasend.v(33) has no driver
Info (12128): Elaborating entity "shift_reg_10_l_en" for hierarchy "uasend:C4|shift_reg_10_l_en:C1"
Info (12128): Elaborating entity "hex_seven_shift" for hierarchy "hex_seven_shift:C5"
Info (12128): Elaborating entity "uarec" for hierarchy "uarec:C6"
Info (12128): Elaborating entity "cycle_count_16" for hierarchy "uarec:C6|cycle_count_16:C1"
Warning (10230): Verilog HDL assignment warning at uarec.v(51): truncated value with size 32 to match size of target (5)
Info (12128): Elaborating entity "rec_control_logic" for hierarchy "uarec:C6|rec_control_logic:C2"
Warning (10034): Output port "s" at uarec.v(62) has no driver
Warning (10034): Output port "l" at uarec.v(62) has no driver
Warning (10034): Output port "r" at uarec.v(62) has no driver
Info (12128): Elaborating entity "shift_reg_8_en" for hierarchy "uarec:C6|shift_reg_8_en:C3"
Info (12128): Elaborating entity "lcd" for hierarchy "lcd:C7"
Warning (10230): Verilog HDL assignment warning at lcd.v(285): truncated value with size 32 to match size of target (21)
Warning (10230): Verilog HDL assignment warning at lcd.v(259): truncated value with size 32 to match size of target (6)
Warning (10230): Verilog HDL assignment warning at lcd.v(160): truncated value with size 32 to match size of target (5)
Warning (10230): Verilog HDL assignment warning at lcd.v(198): truncated value with size 32 to match size of target (5)
Warning (13024): Output pins are stuck at VCC or GND
    Warning (13410): Pin "UART_TXD" is stuck at VCC
    Warning (13410): Pin "LCD_RW" is stuck at GND
    Warning (13410): Pin "LCD_ON" is stuck at VCC
    Warning (13410): Pin "LCD_BLON" is stuck at VCC
Info (286030): Timing-Driven Synthesis is running
Info (17049): 15 registers lost all their fanouts during netlist optimizations.
Info (144001): Generated suppressed messages file C:/Users/wells/Documents/cpe324_sp_15/labs/lab5/lab5_template/output_files/lab5.map.smsg
Info (16010): Generating hard_block partition "hard_block:auto_generated_inst"
    Info (16011): Adding 0 node(s), including 0 DDIO, 0 PLL, 0 transceiver and 0 LCELL
Warning (21074): Design contains 1 input pin(s) that do not drive logic
    Warning (15610): No output dependent on input pin "UART_RXD"
Info (21057): Implemented 327 device resources after synthesis - the final resource count might be different
    Info (21058): Implemented 6 input pins
    Info (21059): Implemented 74 output pins
    Info (21061): Implemented 247 logic cells
Info: Quartus II 64-Bit Analysis & Synthesis was successful. 0 errors, 25 warnings
    Info: Peak virtual memory: 460 megabytes
    Info: Processing ended: Tue Feb 17 20:42:00 2015
    Info: Elapsed time: 00:00:03
    Info: Total CPU time (on all processors): 00:00:02


+------------------------------------------+
; Analysis & Synthesis Suppressed Messages ;
+------------------------------------------+
The suppressed messages can be found in C:/Users/wells/Documents/cpe324_sp_15/labs/lab5/lab5_template/output_files/lab5.map.smsg.


