Analysis & Synthesis report for lab6
Fri Feb 20 20:00:57 2015
Quartus II 64-Bit Version 13.0.1 Build 232 06/12/2013 Service Pack 1 SJ Full Version


---------------------
; Table of Contents ;
---------------------
  1. Legal Notice
  2. Analysis & Synthesis Summary
  3. Analysis & Synthesis Settings
  4. Parallel Compilation
  5. Analysis & Synthesis Source Files Read
  6. Analysis & Synthesis Resource Usage Summary
  7. Analysis & Synthesis Resource Utilization by Entity
  8. Registers Removed During Synthesis
  9. Removed Registers Triggering Further Register Optimizations
 10. General Register Statistics
 11. Parameter Settings for User Entity Instance: count_enabler:C0
 12. Elapsed Time Per Partition
 13. Analysis & Synthesis Messages
 14. Analysis & Synthesis Suppressed Messages



----------------
; Legal Notice ;
----------------
Copyright (C) 1991-2013 Altera Corporation
Your use of Altera Corporation's design tools, logic functions 
and other software and tools, and its AMPP partner logic 
functions, and any output files from any of the foregoing 
(including device programming or simulation files), and any 
associated documentation or information are expressly subject 
to the terms and conditions of the Altera Program License 
Subscription Agreement, Altera MegaCore Function License 
Agreement, or other applicable license agreement, including, 
without limitation, that your use is for the sole purpose of 
programming logic devices manufactured by Altera and sold by 
Altera or its authorized distributors.  Please refer to the 
applicable agreement for further details.



+---------------------------------------------------------------------------------------+
; Analysis & Synthesis Summary                                                          ;
+------------------------------------+--------------------------------------------------+
; Analysis & Synthesis Status        ; Successful - Fri Feb 20 20:00:57 2015            ;
; Quartus II 64-Bit Version          ; 13.0.1 Build 232 06/12/2013 SP 1 SJ Full Version ;
; Revision Name                      ; lab6                                             ;
; Top-level Entity Name              ; lab6                                             ;
; Family                             ; Cyclone IV E                                     ;
; Total logic elements               ; 0                                                ;
;     Total combinational functions  ; 0                                                ;
;     Dedicated logic registers      ; 0                                                ;
; Total registers                    ; 0                                                ;
; Total pins                         ; 30                                               ;
; Total virtual pins                 ; 0                                                ;
; Total memory bits                  ; 0                                                ;
; Embedded Multiplier 9-bit elements ; 0                                                ;
; Total PLLs                         ; 0                                                ;
+------------------------------------+--------------------------------------------------+


+----------------------------------------------------------------------------------------------------------------------+
; Analysis & Synthesis Settings                                                                                        ;
+----------------------------------------------------------------------------+--------------------+--------------------+
; Option                                                                     ; Setting            ; Default Value      ;
+----------------------------------------------------------------------------+--------------------+--------------------+
; Device                                                                     ; EP4CE115F29C7      ;                    ;
; Top-level entity name                                                      ; lab6               ; lab6               ;
; Family name                                                                ; Cyclone IV E       ; Cyclone IV GX      ;
; Use smart compilation                                                      ; Off                ; Off                ;
; Enable parallel Assembler and TimeQuest Timing Analyzer during compilation ; On                 ; On                 ;
; Enable compact report table                                                ; Off                ; Off                ;
; Restructure Multiplexers                                                   ; Auto               ; Auto               ;
; Create Debugging Nodes for IP Cores                                        ; Off                ; Off                ;
; Preserve fewer node names                                                  ; On                 ; On                 ;
; Disable OpenCore Plus hardware evaluation                                  ; Off                ; Off                ;
; Verilog Version                                                            ; Verilog_2001       ; Verilog_2001       ;
; VHDL Version                                                               ; VHDL_1993          ; VHDL_1993          ;
; State Machine Processing                                                   ; Auto               ; Auto               ;
; Safe State Machine                                                         ; Off                ; Off                ;
; Extract Verilog State Machines                                             ; On                 ; On                 ;
; Extract VHDL State Machines                                                ; On                 ; On                 ;
; Ignore Verilog initial constructs                                          ; Off                ; Off                ;
; Iteration limit for constant Verilog loops                                 ; 5000               ; 5000               ;
; Iteration limit for non-constant Verilog loops                             ; 250                ; 250                ;
; Add Pass-Through Logic to Inferred RAMs                                    ; On                 ; On                 ;
; Infer RAMs from Raw Logic                                                  ; On                 ; On                 ;
; Parallel Synthesis                                                         ; On                 ; On                 ;
; DSP Block Balancing                                                        ; Auto               ; Auto               ;
; NOT Gate Push-Back                                                         ; On                 ; On                 ;
; Power-Up Don't Care                                                        ; On                 ; On                 ;
; Remove Redundant Logic Cells                                               ; Off                ; Off                ;
; Remove Duplicate Registers                                                 ; On                 ; On                 ;
; Ignore CARRY Buffers                                                       ; Off                ; Off                ;
; Ignore CASCADE Buffers                                                     ; Off                ; Off                ;
; Ignore GLOBAL Buffers                                                      ; Off                ; Off                ;
; Ignore ROW GLOBAL Buffers                                                  ; Off                ; Off                ;
; Ignore LCELL Buffers                                                       ; Off                ; Off                ;
; Ignore SOFT Buffers                                                        ; On                 ; On                 ;
; Limit AHDL Integers to 32 Bits                                             ; Off                ; Off                ;
; Optimization Technique                                                     ; Balanced           ; Balanced           ;
; Carry Chain Length                                                         ; 70                 ; 70                 ;
; Auto Carry Chains                                                          ; On                 ; On                 ;
; Auto Open-Drain Pins                                                       ; On                 ; On                 ;
; Perform WYSIWYG Primitive Resynthesis                                      ; Off                ; Off                ;
; Auto ROM Replacement                                                       ; On                 ; On                 ;
; Auto RAM Replacement                                                       ; On                 ; On                 ;
; Auto DSP Block Replacement                                                 ; On                 ; On                 ;
; Auto Shift Register Replacement                                            ; Auto               ; Auto               ;
; Allow Shift Register Merging across Hierarchies                            ; Auto               ; Auto               ;
; Auto Clock Enable Replacement                                              ; On                 ; On                 ;
; Strict RAM Replacement                                                     ; Off                ; Off                ;
; Allow Synchronous Control Signals                                          ; On                 ; On                 ;
; Force Use of Synchronous Clear Signals                                     ; Off                ; Off                ;
; Auto RAM Block Balancing                                                   ; On                 ; On                 ;
; Auto RAM to Logic Cell Conversion                                          ; Off                ; Off                ;
; Auto Resource Sharing                                                      ; Off                ; Off                ;
; Allow Any RAM Size For Recognition                                         ; Off                ; Off                ;
; Allow Any ROM Size For Recognition                                         ; Off                ; Off                ;
; Allow Any Shift Register Size For Recognition                              ; Off                ; Off                ;
; Use LogicLock Constraints during Resource Balancing                        ; On                 ; On                 ;
; Ignore translate_off and synthesis_off directives                          ; Off                ; Off                ;
; Timing-Driven Synthesis                                                    ; On                 ; On                 ;
; Report Parameter Settings                                                  ; On                 ; On                 ;
; Report Source Assignments                                                  ; On                 ; On                 ;
; Report Connectivity Checks                                                 ; On                 ; On                 ;
; Ignore Maximum Fan-Out Assignments                                         ; Off                ; Off                ;
; Synchronization Register Chain Length                                      ; 2                  ; 2                  ;
; PowerPlay Power Optimization                                               ; Normal compilation ; Normal compilation ;
; HDL message level                                                          ; Level2             ; Level2             ;
; Suppress Register Optimization Related Messages                            ; Off                ; Off                ;
; Number of Removed Registers Reported in Synthesis Report                   ; 5000               ; 5000               ;
; Number of Swept Nodes Reported in Synthesis Report                         ; 5000               ; 5000               ;
; Number of Inverted Registers Reported in Synthesis Report                  ; 100                ; 100                ;
; Clock MUX Protection                                                       ; On                 ; On                 ;
; Auto Gated Clock Conversion                                                ; Off                ; Off                ;
; Block Design Naming                                                        ; Auto               ; Auto               ;
; SDC constraint protection                                                  ; Off                ; Off                ;
; Synthesis Effort                                                           ; Auto               ; Auto               ;
; Shift Register Replacement - Allow Asynchronous Clear Signal               ; On                 ; On                 ;
; Pre-Mapping Resynthesis Optimization                                       ; Off                ; Off                ;
; Analysis & Synthesis Message Level                                         ; Medium             ; Medium             ;
; Disable Register Merging Across Hierarchies                                ; Auto               ; Auto               ;
; Resource Aware Inference For Block RAM                                     ; On                 ; On                 ;
; Synthesis Seed                                                             ; 1                  ; 1                  ;
+----------------------------------------------------------------------------+--------------------+--------------------+


+------------------------------------------+
; Parallel Compilation                     ;
+----------------------------+-------------+
; Processors                 ; Number      ;
+----------------------------+-------------+
; Number detected on machine ; 4           ;
; Maximum allowed            ; 4           ;
;                            ;             ;
; Average used               ; 1.00        ;
; Maximum used               ; 1           ;
;                            ;             ;
; Usage by Processor         ; % Time Used ;
;     Processor 1            ; 100.0%      ;
;     Processors 2-4         ;   0.0%      ;
+----------------------------+-------------+


+---------------------------------------------------------------------------------------------------------------------------------------------------------------------------+
; Analysis & Synthesis Source Files Read                                                                                                                                    ;
+----------------------------------+-----------------+------------------------+-----------------------------------------------------------------------------------+---------+
; File Name with User-Entered Path ; Used in Netlist ; File Type              ; File Name with Absolute Path                                                      ; Library ;
+----------------------------------+-----------------+------------------------+-----------------------------------------------------------------------------------+---------+
; lab6.v                           ; yes             ; User Verilog HDL File  ; C:/Users/wells/Documents/cpe324_sp_15/labs/lab6/cpe324_lab6_part1_template/lab6.v ;         ;
+----------------------------------+-----------------+------------------------+-----------------------------------------------------------------------------------+---------+


+-----------------------------------------------------+
; Analysis & Synthesis Resource Usage Summary         ;
+---------------------------------------------+-------+
; Resource                                    ; Usage ;
+---------------------------------------------+-------+
;                                             ;       ;
; Total combinational functions               ; 0     ;
; Logic element usage by number of LUT inputs ;       ;
;     -- 4 input functions                    ; 0     ;
;     -- 3 input functions                    ; 0     ;
;     -- <=2 input functions                  ; 0     ;
;                                             ;       ;
; Logic elements by mode                      ;       ;
;     -- normal mode                          ; 0     ;
;     -- arithmetic mode                      ; 0     ;
;                                             ;       ;
; Total registers                             ; 0     ;
;     -- Dedicated logic registers            ; 0     ;
;     -- I/O registers                        ; 0     ;
;                                             ;       ;
; I/O pins                                    ; 30    ;
; Embedded Multiplier 9-bit elements          ; 0     ;
; Maximum fan-out node                        ; SIG   ;
; Maximum fan-out                             ; 1     ;
; Total fan-out                               ; 30    ;
; Average fan-out                             ; 0.50  ;
+---------------------------------------------+-------+


+-----------------------------------------------------------------------------------------------------------------------------------------------------------------------------+
; Analysis & Synthesis Resource Utilization by Entity                                                                                                                         ;
+----------------------------+-------------------+--------------+-------------+--------------+---------+-----------+------+--------------+---------------------+--------------+
; Compilation Hierarchy Node ; LC Combinationals ; LC Registers ; Memory Bits ; DSP Elements ; DSP 9x9 ; DSP 18x18 ; Pins ; Virtual Pins ; Full Hierarchy Name ; Library Name ;
+----------------------------+-------------------+--------------+-------------+--------------+---------+-----------+------+--------------+---------------------+--------------+
; |lab6                      ; 0 (0)             ; 0 (0)        ; 0           ; 0            ; 0       ; 0         ; 30   ; 0            ; |lab6               ; work         ;
+----------------------------+-------------------+--------------+-------------+--------------+---------+-----------+------+--------------+---------------------+--------------+
Note: For table entries with two numbers listed, the numbers in parentheses indicate the number of resources of the given type used by the specific entity alone. The numbers listed outside of parentheses indicate the total resources of the given type used by the specific entity and all of its sub-entities in the hierarchy.


+---------------------------------------------------------------------------------+
; Registers Removed During Synthesis                                              ;
+----------------------------------------+----------------------------------------+
; Register name                          ; Reason for Removal                     ;
+----------------------------------------+----------------------------------------+
; d_ff_16_en:C3|o[0..15]                 ; Stuck at GND due to stuck port data_in ;
; one_shot:C4|state                      ; Lost fanout                            ;
; HEX3[6]~reg0                           ; Stuck at VCC due to stuck port data_in ;
; HEX3[5]~reg0                           ; Stuck at GND due to stuck port data_in ;
; HEX3[4]~reg0                           ; Stuck at GND due to stuck port data_in ;
; HEX3[3]~reg0                           ; Stuck at GND due to stuck port data_in ;
; HEX3[2]~reg0                           ; Stuck at GND due to stuck port data_in ;
; HEX3[1]~reg0                           ; Stuck at GND due to stuck port data_in ;
; HEX3[0]~reg0                           ; Stuck at GND due to stuck port data_in ;
; HEX2[3]~reg0                           ; Stuck at GND due to stuck port data_in ;
; HEX2[2]~reg0                           ; Stuck at GND due to stuck port data_in ;
; HEX2[1]~reg0                           ; Stuck at GND due to stuck port data_in ;
; HEX2[6]~reg0                           ; Stuck at VCC due to stuck port data_in ;
; HEX2[5]~reg0                           ; Stuck at GND due to stuck port data_in ;
; HEX2[4]~reg0                           ; Stuck at GND due to stuck port data_in ;
; HEX2[0]~reg0                           ; Stuck at GND due to stuck port data_in ;
; HEX1[6]~reg0                           ; Stuck at VCC due to stuck port data_in ;
; HEX1[5]~reg0                           ; Stuck at GND due to stuck port data_in ;
; HEX1[4]~reg0                           ; Stuck at GND due to stuck port data_in ;
; HEX1[3]~reg0                           ; Stuck at GND due to stuck port data_in ;
; HEX1[2]~reg0                           ; Stuck at GND due to stuck port data_in ;
; HEX1[1]~reg0                           ; Stuck at GND due to stuck port data_in ;
; HEX1[0]~reg0                           ; Stuck at GND due to stuck port data_in ;
; HEX0[6]~reg0                           ; Stuck at VCC due to stuck port data_in ;
; HEX0[5]~reg0                           ; Stuck at GND due to stuck port data_in ;
; HEX0[4]~reg0                           ; Stuck at GND due to stuck port data_in ;
; HEX0[3]~reg0                           ; Stuck at GND due to stuck port data_in ;
; HEX0[2]~reg0                           ; Stuck at GND due to stuck port data_in ;
; HEX0[1]~reg0                           ; Stuck at GND due to stuck port data_in ;
; HEX0[0]~reg0                           ; Stuck at GND due to stuck port data_in ;
; Total Number of Removed Registers = 45 ;                                        ;
+----------------------------------------+----------------------------------------+


+--------------------------------------------------------------------------------------------------------------------------------------------+
; Removed Registers Triggering Further Register Optimizations                                                                                ;
+---------------------+---------------------------+------------------------------------------------------------------------------------------+
; Register name       ; Reason for Removal        ; Registers Removed due to This Register                                                   ;
+---------------------+---------------------------+------------------------------------------------------------------------------------------+
; d_ff_16_en:C3|o[4]  ; Stuck at GND              ; one_shot:C4|state, HEX1[6]~reg0, HEX1[5]~reg0, HEX1[4]~reg0, HEX1[3]~reg0, HEX1[2]~reg0, ;
;                     ; due to stuck port data_in ; HEX1[1]~reg0, HEX1[0]~reg0                                                               ;
; d_ff_16_en:C3|o[3]  ; Stuck at GND              ; HEX0[6]~reg0, HEX0[5]~reg0, HEX0[4]~reg0, HEX0[3]~reg0, HEX0[2]~reg0, HEX0[1]~reg0,      ;
;                     ; due to stuck port data_in ; HEX0[0]~reg0                                                                             ;
; d_ff_16_en:C3|o[8]  ; Stuck at GND              ; HEX2[3]~reg0, HEX2[2]~reg0, HEX2[1]~reg0, HEX2[6]~reg0, HEX2[5]~reg0, HEX2[4]~reg0,      ;
;                     ; due to stuck port data_in ; HEX2[0]~reg0                                                                             ;
; d_ff_16_en:C3|o[12] ; Stuck at GND              ; HEX3[6]~reg0, HEX3[5]~reg0, HEX3[4]~reg0, HEX3[3]~reg0, HEX3[2]~reg0, HEX3[1]~reg0,      ;
;                     ; due to stuck port data_in ; HEX3[0]~reg0                                                                             ;
+---------------------+---------------------------+------------------------------------------------------------------------------------------+


+------------------------------------------------------+
; General Register Statistics                          ;
+----------------------------------------------+-------+
; Statistic                                    ; Value ;
+----------------------------------------------+-------+
; Total registers                              ; 0     ;
; Number of registers using Synchronous Clear  ; 0     ;
; Number of registers using Synchronous Load   ; 0     ;
; Number of registers using Asynchronous Clear ; 0     ;
; Number of registers using Asynchronous Load  ; 0     ;
; Number of registers using Clock Enable       ; 0     ;
; Number of registers using Preset             ; 0     ;
+----------------------------------------------+-------+


+---------------------------------------------------------------+
; Parameter Settings for User Entity Instance: count_enabler:C0 ;
+----------------+-------+--------------------------------------+
; Parameter Name ; Value ; Type                                 ;
+----------------+-------+--------------------------------------+
; buswidth       ; 10    ; Signed Integer                       ;
; full_count     ; 957   ; Signed Integer                       ;
+----------------+-------+--------------------------------------+
Note: In order to hide this table in the UI and the text report file, please set the "Show Parameter Settings in Synthesis Report" option in "Analysis and Synthesis Settings -> More Settings" to "Off".


+-------------------------------+
; Elapsed Time Per Partition    ;
+----------------+--------------+
; Partition Name ; Elapsed Time ;
+----------------+--------------+
; Top            ; 00:00:02     ;
+----------------+--------------+


+-------------------------------+
; Analysis & Synthesis Messages ;
+-------------------------------+
Info: *******************************************************************
Info: Running Quartus II 64-Bit Analysis & Synthesis
    Info: Version 13.0.1 Build 232 06/12/2013 Service Pack 1 SJ Full Version
    Info: Processing started: Fri Feb 20 20:00:41 2015
Info: Command: quartus_map --read_settings_files=on --write_settings_files=off lab6 -c lab6
Info (20030): Parallel compilation is enabled and will use 4 of the 4 processors detected
Info (12021): Found 6 design units, including 6 entities, in source file lab6.v
    Info (12023): Found entity 1: lab6
    Info (12023): Found entity 2: one_shot
    Info (12023): Found entity 3: count_enabler
    Info (12023): Found entity 4: bcd_counter
    Info (12023): Found entity 5: d_ff
    Info (12023): Found entity 6: d_ff_16_en
Info (12127): Elaborating entity "lab6" for the top level hierarchy
Info (12128): Elaborating entity "count_enabler" for hierarchy "count_enabler:C0"
Warning (10230): Verilog HDL assignment warning at lab6.v(103): truncated value with size 32 to match size of target (10)
Warning (10230): Verilog HDL assignment warning at lab6.v(109): truncated value with size 32 to match size of target (10)
Warning (10230): Verilog HDL assignment warning at lab6.v(114): truncated value with size 32 to match size of target (10)
Info (12128): Elaborating entity "d_ff" for hierarchy "d_ff:C1"
Info (12128): Elaborating entity "bcd_counter" for hierarchy "bcd_counter:C2"
Warning (10034): Output port "o" at lab6.v(123) has no driver
Warning (12158): Entity "bcd_counter" contains only dangling pins
Info (12128): Elaborating entity "d_ff_16_en" for hierarchy "d_ff_16_en:C3"
Info (12128): Elaborating entity "one_shot" for hierarchy "one_shot:C4"
Warning (13024): Output pins are stuck at VCC or GND
    Warning (13410): Pin "HEX3[0]" is stuck at GND
    Warning (13410): Pin "HEX3[1]" is stuck at GND
    Warning (13410): Pin "HEX3[2]" is stuck at GND
    Warning (13410): Pin "HEX3[3]" is stuck at GND
    Warning (13410): Pin "HEX3[4]" is stuck at GND
    Warning (13410): Pin "HEX3[5]" is stuck at GND
    Warning (13410): Pin "HEX3[6]" is stuck at VCC
    Warning (13410): Pin "HEX2[0]" is stuck at GND
    Warning (13410): Pin "HEX2[1]" is stuck at GND
    Warning (13410): Pin "HEX2[2]" is stuck at GND
    Warning (13410): Pin "HEX2[3]" is stuck at GND
    Warning (13410): Pin "HEX2[4]" is stuck at GND
    Warning (13410): Pin "HEX2[5]" is stuck at GND
    Warning (13410): Pin "HEX2[6]" is stuck at VCC
    Warning (13410): Pin "HEX1[0]" is stuck at GND
    Warning (13410): Pin "HEX1[1]" is stuck at GND
    Warning (13410): Pin "HEX1[2]" is stuck at GND
    Warning (13410): Pin "HEX1[3]" is stuck at GND
    Warning (13410): Pin "HEX1[4]" is stuck at GND
    Warning (13410): Pin "HEX1[5]" is stuck at GND
    Warning (13410): Pin "HEX1[6]" is stuck at VCC
    Warning (13410): Pin "HEX0[0]" is stuck at GND
    Warning (13410): Pin "HEX0[1]" is stuck at GND
    Warning (13410): Pin "HEX0[2]" is stuck at GND
    Warning (13410): Pin "HEX0[3]" is stuck at GND
    Warning (13410): Pin "HEX0[4]" is stuck at GND
    Warning (13410): Pin "HEX0[5]" is stuck at GND
    Warning (13410): Pin "HEX0[6]" is stuck at VCC
Info (17049): 1 registers lost all their fanouts during netlist optimizations.
Info (144001): Generated suppressed messages file C:/Users/wells/Documents/cpe324_sp_15/labs/lab6/cpe324_lab6_part1_template/output_files/lab6.map.smsg
Info (16010): Generating hard_block partition "hard_block:auto_generated_inst"
    Info (16011): Adding 0 node(s), including 0 DDIO, 0 PLL, 0 transceiver and 0 LCELL
Warning (21074): Design contains 2 input pin(s) that do not drive logic
    Warning (15610): No output dependent on input pin "SIG"
    Warning (15610): No output dependent on input pin "CLOCK_50"
Info (21057): Implemented 30 device resources after synthesis - the final resource count might be different
    Info (21058): Implemented 2 input pins
    Info (21059): Implemented 28 output pins
Info: Quartus II 64-Bit Analysis & Synthesis was successful. 0 errors, 37 warnings
    Info: Peak virtual memory: 437 megabytes
    Info: Processing ended: Fri Feb 20 20:00:57 2015
    Info: Elapsed time: 00:00:16
    Info: Total CPU time (on all processors): 00:00:01


+------------------------------------------+
; Analysis & Synthesis Suppressed Messages ;
+------------------------------------------+
The suppressed messages can be found in C:/Users/wells/Documents/cpe324_sp_15/labs/lab6/cpe324_lab6_part1_template/output_files/lab6.map.smsg.


