Flow report for keypad_quartus
Sat Mar 07 11:34:55 2015
Quartus II 32-bit Version 13.0.1 Build 232 06/12/2013 Service Pack 1 SJ Full Version


---------------------
; Table of Contents ;
---------------------
  1. Legal Notice
  2. Flow Summary
  3. Flow Settings
  4. Flow Non-Default Global Settings
  5. Flow Elapsed Time
  6. Flow OS Summary
  7. Flow Log
  8. Flow Messages
  9. Flow Suppressed Messages



----------------
; Legal Notice ;
----------------
Copyright (C) 1991-2013 Altera Corporation
Your use of Altera Corporation's design tools, logic functions 
and other software and tools, and its AMPP partner logic 
functions, and any output files from any of the foregoing 
(including device programming or simulation files), and any 
associated documentation or information are expressly subject 
to the terms and conditions of the Altera Program License 
Subscription Agreement, Altera MegaCore Function License 
Agreement, or other applicable license agreement, including, 
without limitation, that your use is for the sole purpose of 
programming logic devices manufactured by Altera and sold by 
Altera or its authorized distributors.  Please refer to the 
applicable agreement for further details.



+---------------------------------------------------------------------------------------+
; Flow Summary                                                                          ;
+------------------------------------+--------------------------------------------------+
; Flow Status                        ; Successful - Sat Mar 07 11:34:48 2015            ;
; Quartus II 32-bit Version          ; 13.0.1 Build 232 06/12/2013 SP 1 SJ Full Version ;
; Revision Name                      ; keypad_quartus                                   ;
; Top-level Entity Name              ; keypad_quartus                                   ;
; Family                             ; Cyclone IV E                                     ;
; Device                             ; EP4CE115F29C7                                    ;
; Timing Models                      ; Final                                            ;
; Total logic elements               ; 100 / 114,480 ( < 1 % )                          ;
;     Total combinational functions  ; 38 / 114,480 ( < 1 % )                           ;
;     Dedicated logic registers      ; 85 / 114,480 ( < 1 % )                           ;
; Total registers                    ; 85                                               ;
; Total pins                         ; 65 / 529 ( 12 % )                                ;
; Total virtual pins                 ; 0                                                ;
; Total memory bits                  ; 0 / 3,981,312 ( 0 % )                            ;
; Embedded Multiplier 9-bit elements ; 0 / 532 ( 0 % )                                  ;
; Total PLLs                         ; 0 / 4 ( 0 % )                                    ;
+------------------------------------+--------------------------------------------------+


+-----------------------------------------+
; Flow Settings                           ;
+-------------------+---------------------+
; Option            ; Setting             ;
+-------------------+---------------------+
; Start date & time ; 03/07/2015 11:34:03 ;
; Main task         ; Compilation         ;
; Revision Name     ; keypad_quartus      ;
+-------------------+---------------------+


+------------------------------------------------------------------------------------------------------------------------+
; Flow Non-Default Global Settings                                                                                       ;
+-------------------------------------+---------------------------------------+---------------+-------------+------------+
; Assignment Name                     ; Value                                 ; Default Value ; Entity Name ; Section Id ;
+-------------------------------------+---------------------------------------+---------------+-------------+------------+
; COMPILER_SIGNATURE_ID               ; 153253648780.142574964303400          ; --            ; --          ; --         ;
; MAX_CORE_JUNCTION_TEMP              ; 85                                    ; --            ; --          ; --         ;
; MIN_CORE_JUNCTION_TEMP              ; 0                                     ; --            ; --          ; --         ;
; PARTITION_COLOR                     ; 16764057                              ; --            ; --          ; Top        ;
; PARTITION_FITTER_PRESERVATION_LEVEL ; PLACEMENT_AND_ROUTING                 ; --            ; --          ; Top        ;
; PARTITION_NETLIST_TYPE              ; SOURCE                                ; --            ; --          ; Top        ;
; POWER_BOARD_THERMAL_MODEL           ; None (CONSERVATIVE)                   ; --            ; --          ; --         ;
; POWER_PRESET_COOLING_SOLUTION       ; 23 MM HEAT SINK WITH 200 LFPM AIRFLOW ; --            ; --          ; --         ;
+-------------------------------------+---------------------------------------+---------------+-------------+------------+


+-------------------------------------------------------------------------------------------------------------------------------+
; Flow Elapsed Time                                                                                                             ;
+---------------------------+--------------+-------------------------+---------------------+------------------------------------+
; Module Name               ; Elapsed Time ; Average Processors Used ; Peak Virtual Memory ; Total CPU Time (on all processors) ;
+---------------------------+--------------+-------------------------+---------------------+------------------------------------+
; Analysis & Synthesis      ; 00:00:05     ; 1.0                     ; 353 MB              ; 00:00:03                           ;
; Fitter                    ; 00:00:29     ; 1.3                     ; 699 MB              ; 00:00:34                           ;
; Assembler                 ; 00:00:09     ; 1.0                     ; 358 MB              ; 00:00:08                           ;
; TimeQuest Timing Analyzer ; 00:00:05     ; 1.0                     ; 429 MB              ; 00:00:05                           ;
; Total                     ; 00:00:48     ; --                      ; --                  ; 00:00:50                           ;
+---------------------------+--------------+-------------------------+---------------------+------------------------------------+


+----------------------------------------------------------------------------------------+
; Flow OS Summary                                                                        ;
+---------------------------+------------------+-----------+------------+----------------+
; Module Name               ; Machine Hostname ; OS Name   ; OS Version ; Processor type ;
+---------------------------+------------------+-----------+------------+----------------+
; Analysis & Synthesis      ; EB226-04         ; Windows 7 ; 6.1        ; i686           ;
; Fitter                    ; EB226-04         ; Windows 7 ; 6.1        ; i686           ;
; Assembler                 ; EB226-04         ; Windows 7 ; 6.1        ; i686           ;
; TimeQuest Timing Analyzer ; EB226-04         ; Windows 7 ; 6.1        ; i686           ;
+---------------------------+------------------+-----------+------------+----------------+


------------
; Flow Log ;
------------
quartus_map --read_settings_files=on --write_settings_files=off keypad_quartus -c keypad_quartus
quartus_fit --read_settings_files=off --write_settings_files=off keypad_quartus -c keypad_quartus
quartus_asm --read_settings_files=off --write_settings_files=off keypad_quartus -c keypad_quartus
quartus_sta keypad_quartus -c keypad_quartus



