Flow report for sub_add
Fri Feb 06 14:04:52 2015
Quartus II 32-bit Version 13.0.1 Build 232 06/12/2013 Service Pack 1 SJ Full Version


---------------------
; Table of Contents ;
---------------------
  1. Legal Notice
  2. Flow Summary
  3. Flow Settings
  4. Flow Non-Default Global Settings
  5. Flow Elapsed Time
  6. Flow OS Summary
  7. Flow Log
  8. Flow Messages
  9. Flow Suppressed Messages



----------------
; Legal Notice ;
----------------
Copyright (C) 1991-2013 Altera Corporation
Your use of Altera Corporation's design tools, logic functions 
and other software and tools, and its AMPP partner logic 
functions, and any output files from any of the foregoing 
(including device programming or simulation files), and any 
associated documentation or information are expressly subject 
to the terms and conditions of the Altera Program License 
Subscription Agreement, Altera MegaCore Function License 
Agreement, or other applicable license agreement, including, 
without limitation, that your use is for the sole purpose of 
programming logic devices manufactured by Altera and sold by 
Altera or its authorized distributors.  Please refer to the 
applicable agreement for further details.



+---------------------------------------------------------------------------------------+
; Flow Summary                                                                          ;
+------------------------------------+--------------------------------------------------+
; Flow Status                        ; Successful - Fri Feb 06 14:04:52 2015            ;
; Quartus II 32-bit Version          ; 13.0.1 Build 232 06/12/2013 SP 1 SJ Full Version ;
; Revision Name                      ; sub_add                                          ;
; Top-level Entity Name              ; eight_bit_sub_add                                ;
; Family                             ; Cyclone IV E                                     ;
; Device                             ; EP4CE115F29C7                                    ;
; Timing Models                      ; Final                                            ;
; Total logic elements               ; 16 / 114,480 ( < 1 % )                           ;
;     Total combinational functions  ; 16 / 114,480 ( < 1 % )                           ;
;     Dedicated logic registers      ; 0 / 114,480 ( 0 % )                              ;
; Total registers                    ; 0                                                ;
; Total pins                         ; 27 / 529 ( 5 % )                                 ;
; Total virtual pins                 ; 0                                                ;
; Total memory bits                  ; 0 / 3,981,312 ( 0 % )                            ;
; Embedded Multiplier 9-bit elements ; 0 / 532 ( 0 % )                                  ;
; Total PLLs                         ; 0 / 4 ( 0 % )                                    ;
+------------------------------------+--------------------------------------------------+


+-----------------------------------------+
; Flow Settings                           ;
+-------------------+---------------------+
; Option            ; Setting             ;
+-------------------+---------------------+
; Start date & time ; 02/06/2015 14:04:08 ;
; Main task         ; Compilation         ;
; Revision Name     ; sub_add             ;
+-------------------+---------------------+


+----------------------------------------------------------------------------------------------------------------------------------+
; Flow Non-Default Global Settings                                                                                                 ;
+-------------------------------------+---------------------------------------+---------------+-------------------+----------------+
; Assignment Name                     ; Value                                 ; Default Value ; Entity Name       ; Section Id     ;
+-------------------------------------+---------------------------------------+---------------+-------------------+----------------+
; COMPILER_SIGNATURE_ID               ; 153253648780.142325304805676          ; --            ; --                ; --             ;
; EDA_OUTPUT_DATA_FORMAT              ; Verilog Hdl                           ; --            ; --                ; eda_simulation ;
; EDA_SIMULATION_TOOL                 ; ModelSim-Altera (Verilog)             ; <None>        ; --                ; --             ;
; MAX_CORE_JUNCTION_TEMP              ; 85                                    ; --            ; --                ; --             ;
; MIN_CORE_JUNCTION_TEMP              ; 0                                     ; --            ; --                ; --             ;
; PARTITION_COLOR                     ; 16764057                              ; --            ; eight_bit_sub_add ; Top            ;
; PARTITION_FITTER_PRESERVATION_LEVEL ; PLACEMENT_AND_ROUTING                 ; --            ; eight_bit_sub_add ; Top            ;
; PARTITION_NETLIST_TYPE              ; SOURCE                                ; --            ; eight_bit_sub_add ; Top            ;
; POWER_BOARD_THERMAL_MODEL           ; None (CONSERVATIVE)                   ; --            ; --                ; --             ;
; POWER_PRESET_COOLING_SOLUTION       ; 23 MM HEAT SINK WITH 200 LFPM AIRFLOW ; --            ; --                ; --             ;
; PROJECT_OUTPUT_DIRECTORY            ; output_files                          ; --            ; --                ; --             ;
; TOP_LEVEL_ENTITY                    ; eight_bit_sub_add                     ; sub_add       ; --                ; --             ;
+-------------------------------------+---------------------------------------+---------------+-------------------+----------------+


+-------------------------------------------------------------------------------------------------------------------------------+
; Flow Elapsed Time                                                                                                             ;
+---------------------------+--------------+-------------------------+---------------------+------------------------------------+
; Module Name               ; Elapsed Time ; Average Processors Used ; Peak Virtual Memory ; Total CPU Time (on all processors) ;
+---------------------------+--------------+-------------------------+---------------------+------------------------------------+
; Analysis & Synthesis      ; 00:00:03     ; 1.0                     ; 343 MB              ; 00:00:02                           ;
; Fitter                    ; 00:00:23     ; 1.3                     ; 707 MB              ; 00:00:27                           ;
; Assembler                 ; 00:00:09     ; 1.0                     ; 361 MB              ; 00:00:08                           ;
; TimeQuest Timing Analyzer ; 00:00:04     ; 1.0                     ; 419 MB              ; 00:00:04                           ;
; EDA Netlist Writer        ; 00:00:02     ; 1.0                     ; 316 MB              ; 00:00:01                           ;
; Total                     ; 00:00:41     ; --                      ; --                  ; 00:00:42                           ;
+---------------------------+--------------+-------------------------+---------------------+------------------------------------+


+----------------------------------------------------------------------------------------+
; Flow OS Summary                                                                        ;
+---------------------------+------------------+-----------+------------+----------------+
; Module Name               ; Machine Hostname ; OS Name   ; OS Version ; Processor type ;
+---------------------------+------------------+-----------+------------+----------------+
; Analysis & Synthesis      ; EB226-04         ; Windows 7 ; 6.1        ; i686           ;
; Fitter                    ; EB226-04         ; Windows 7 ; 6.1        ; i686           ;
; Assembler                 ; EB226-04         ; Windows 7 ; 6.1        ; i686           ;
; TimeQuest Timing Analyzer ; EB226-04         ; Windows 7 ; 6.1        ; i686           ;
; EDA Netlist Writer        ; EB226-04         ; Windows 7 ; 6.1        ; i686           ;
+---------------------------+------------------+-----------+------------+----------------+


------------
; Flow Log ;
------------
quartus_map --read_settings_files=on --write_settings_files=off sub_add -c sub_add
quartus_fit --read_settings_files=off --write_settings_files=off sub_add -c sub_add
quartus_asm --read_settings_files=off --write_settings_files=off sub_add -c sub_add
quartus_sta sub_add -c sub_add
quartus_eda --read_settings_files=off --write_settings_files=off sub_add -c sub_add



