Analysis & Synthesis report for keypad_quartus
Sat Mar 07 11:34:08 2015
Quartus II 32-bit Version 13.0.1 Build 232 06/12/2013 Service Pack 1 SJ Full Version


---------------------
; Table of Contents ;
---------------------
  1. Legal Notice
  2. Analysis & Synthesis Summary
  3. Analysis & Synthesis Settings
  4. Parallel Compilation
  5. Analysis & Synthesis Source Files Read
  6. Analysis & Synthesis Resource Usage Summary
  7. Analysis & Synthesis Resource Utilization by Entity
  8. Analysis & Synthesis IP Cores Summary
  9. User-Specified and Inferred Latches
 10. General Register Statistics
 11. Parameter Settings for User Entity Instance: debounce:C2|lpm_shiftreg0:inst|lpm_shiftreg:LPM_SHIFTREG_component
 12. Parameter Settings for User Entity Instance: key_scan:C1|lpm_mux1:inst2|lpm_mux:LPM_MUX_component
 13. Parameter Settings for User Entity Instance: key_scan:C1|lpm_counter0:inst|lpm_counter:LPM_COUNTER_component
 14. Parameter Settings for User Entity Instance: key_scan:C1|lpm_decode1:inst1|lpm_decode:LPM_DECODE_component
 15. lpm_shiftreg Parameter Settings by Entity Instance
 16. Elapsed Time Per Partition
 17. Analysis & Synthesis Messages
 18. Analysis & Synthesis Suppressed Messages



----------------
; Legal Notice ;
----------------
Copyright (C) 1991-2013 Altera Corporation
Your use of Altera Corporation's design tools, logic functions 
and other software and tools, and its AMPP partner logic 
functions, and any output files from any of the foregoing 
(including device programming or simulation files), and any 
associated documentation or information are expressly subject 
to the terms and conditions of the Altera Program License 
Subscription Agreement, Altera MegaCore Function License 
Agreement, or other applicable license agreement, including, 
without limitation, that your use is for the sole purpose of 
programming logic devices manufactured by Altera and sold by 
Altera or its authorized distributors.  Please refer to the 
applicable agreement for further details.



+---------------------------------------------------------------------------------------+
; Analysis & Synthesis Summary                                                          ;
+------------------------------------+--------------------------------------------------+
; Analysis & Synthesis Status        ; Successful - Sat Mar 07 11:34:08 2015            ;
; Quartus II 32-bit Version          ; 13.0.1 Build 232 06/12/2013 SP 1 SJ Full Version ;
; Revision Name                      ; keypad_quartus                                   ;
; Top-level Entity Name              ; keypad_quartus                                   ;
; Family                             ; Cyclone IV E                                     ;
; Total logic elements               ; 94                                               ;
;     Total combinational functions  ; 38                                               ;
;     Dedicated logic registers      ; 85                                               ;
; Total registers                    ; 85                                               ;
; Total pins                         ; 65                                               ;
; Total virtual pins                 ; 0                                                ;
; Total memory bits                  ; 0                                                ;
; Embedded Multiplier 9-bit elements ; 0                                                ;
; Total PLLs                         ; 0                                                ;
+------------------------------------+--------------------------------------------------+


+----------------------------------------------------------------------------------------------------------------------+
; Analysis & Synthesis Settings                                                                                        ;
+----------------------------------------------------------------------------+--------------------+--------------------+
; Option                                                                     ; Setting            ; Default Value      ;
+----------------------------------------------------------------------------+--------------------+--------------------+
; Device                                                                     ; EP4CE115F29C7      ;                    ;
; Top-level entity name                                                      ; keypad_quartus     ; keypad_quartus     ;
; Family name                                                                ; Cyclone IV E       ; Cyclone IV GX      ;
; Use smart compilation                                                      ; Off                ; Off                ;
; Enable parallel Assembler and TimeQuest Timing Analyzer during compilation ; On                 ; On                 ;
; Enable compact report table                                                ; Off                ; Off                ;
; Restructure Multiplexers                                                   ; Auto               ; Auto               ;
; Create Debugging Nodes for IP Cores                                        ; Off                ; Off                ;
; Preserve fewer node names                                                  ; On                 ; On                 ;
; Disable OpenCore Plus hardware evaluation                                  ; Off                ; Off                ;
; Verilog Version                                                            ; Verilog_2001       ; Verilog_2001       ;
; VHDL Version                                                               ; VHDL_1993          ; VHDL_1993          ;
; State Machine Processing                                                   ; Auto               ; Auto               ;
; Safe State Machine                                                         ; Off                ; Off                ;
; Extract Verilog State Machines                                             ; On                 ; On                 ;
; Extract VHDL State Machines                                                ; On                 ; On                 ;
; Ignore Verilog initial constructs                                          ; Off                ; Off                ;
; Iteration limit for constant Verilog loops                                 ; 5000               ; 5000               ;
; Iteration limit for non-constant Verilog loops                             ; 250                ; 250                ;
; Add Pass-Through Logic to Inferred RAMs                                    ; On                 ; On                 ;
; Infer RAMs from Raw Logic                                                  ; On                 ; On                 ;
; Parallel Synthesis                                                         ; On                 ; On                 ;
; DSP Block Balancing                                                        ; Auto               ; Auto               ;
; NOT Gate Push-Back                                                         ; On                 ; On                 ;
; Power-Up Don't Care                                                        ; On                 ; On                 ;
; Remove Redundant Logic Cells                                               ; Off                ; Off                ;
; Remove Duplicate Registers                                                 ; On                 ; On                 ;
; Ignore CARRY Buffers                                                       ; Off                ; Off                ;
; Ignore CASCADE Buffers                                                     ; Off                ; Off                ;
; Ignore GLOBAL Buffers                                                      ; Off                ; Off                ;
; Ignore ROW GLOBAL Buffers                                                  ; Off                ; Off                ;
; Ignore LCELL Buffers                                                       ; Off                ; Off                ;
; Ignore SOFT Buffers                                                        ; On                 ; On                 ;
; Limit AHDL Integers to 32 Bits                                             ; Off                ; Off                ;
; Optimization Technique                                                     ; Balanced           ; Balanced           ;
; Carry Chain Length                                                         ; 70                 ; 70                 ;
; Auto Carry Chains                                                          ; On                 ; On                 ;
; Auto Open-Drain Pins                                                       ; On                 ; On                 ;
; Perform WYSIWYG Primitive Resynthesis                                      ; Off                ; Off                ;
; Auto ROM Replacement                                                       ; On                 ; On                 ;
; Auto RAM Replacement                                                       ; On                 ; On                 ;
; Auto DSP Block Replacement                                                 ; On                 ; On                 ;
; Auto Shift Register Replacement                                            ; Auto               ; Auto               ;
; Allow Shift Register Merging across Hierarchies                            ; Auto               ; Auto               ;
; Auto Clock Enable Replacement                                              ; On                 ; On                 ;
; Strict RAM Replacement                                                     ; Off                ; Off                ;
; Allow Synchronous Control Signals                                          ; On                 ; On                 ;
; Force Use of Synchronous Clear Signals                                     ; Off                ; Off                ;
; Auto RAM Block Balancing                                                   ; On                 ; On                 ;
; Auto RAM to Logic Cell Conversion                                          ; Off                ; Off                ;
; Auto Resource Sharing                                                      ; Off                ; Off                ;
; Allow Any RAM Size For Recognition                                         ; Off                ; Off                ;
; Allow Any ROM Size For Recognition                                         ; Off                ; Off                ;
; Allow Any Shift Register Size For Recognition                              ; Off                ; Off                ;
; Use LogicLock Constraints during Resource Balancing                        ; On                 ; On                 ;
; Ignore translate_off and synthesis_off directives                          ; Off                ; Off                ;
; Timing-Driven Synthesis                                                    ; On                 ; On                 ;
; Report Parameter Settings                                                  ; On                 ; On                 ;
; Report Source Assignments                                                  ; On                 ; On                 ;
; Report Connectivity Checks                                                 ; On                 ; On                 ;
; Ignore Maximum Fan-Out Assignments                                         ; Off                ; Off                ;
; Synchronization Register Chain Length                                      ; 2                  ; 2                  ;
; PowerPlay Power Optimization                                               ; Normal compilation ; Normal compilation ;
; HDL message level                                                          ; Level2             ; Level2             ;
; Suppress Register Optimization Related Messages                            ; Off                ; Off                ;
; Number of Removed Registers Reported in Synthesis Report                   ; 5000               ; 5000               ;
; Number of Swept Nodes Reported in Synthesis Report                         ; 5000               ; 5000               ;
; Number of Inverted Registers Reported in Synthesis Report                  ; 100                ; 100                ;
; Clock MUX Protection                                                       ; On                 ; On                 ;
; Auto Gated Clock Conversion                                                ; Off                ; Off                ;
; Block Design Naming                                                        ; Auto               ; Auto               ;
; SDC constraint protection                                                  ; Off                ; Off                ;
; Synthesis Effort                                                           ; Auto               ; Auto               ;
; Shift Register Replacement - Allow Asynchronous Clear Signal               ; On                 ; On                 ;
; Pre-Mapping Resynthesis Optimization                                       ; Off                ; Off                ;
; Analysis & Synthesis Message Level                                         ; Medium             ; Medium             ;
; Disable Register Merging Across Hierarchies                                ; Auto               ; Auto               ;
; Resource Aware Inference For Block RAM                                     ; On                 ; On                 ;
; Synthesis Seed                                                             ; 1                  ; 1                  ;
+----------------------------------------------------------------------------+--------------------+--------------------+


+------------------------------------------+
; Parallel Compilation                     ;
+----------------------------+-------------+
; Processors                 ; Number      ;
+----------------------------+-------------+
; Number detected on machine ; 2           ;
; Maximum allowed            ; 2           ;
;                            ;             ;
; Average used               ; 1.00        ;
; Maximum used               ; 1           ;
;                            ;             ;
; Usage by Processor         ; % Time Used ;
;     Processor 1            ; 100.0%      ;
;     Processor 2            ;   0.0%      ;
+----------------------------+-------------+


+---------------------------------------------------------------------------------------------------------------------------------------------------------------------------------------------+
; Analysis & Synthesis Source Files Read                                                                                                                                                      ;
+----------------------------------+-----------------+------------------------------------------+-----------------------------------------------------------------------------------+---------+
; File Name with User-Entered Path ; Used in Netlist ; File Type                                ; File Name with Absolute Path                                                      ; Library ;
+----------------------------------+-----------------+------------------------------------------+-----------------------------------------------------------------------------------+---------+
; lpm_shiftreg0.v                  ; yes             ; User Wizard-Generated File               ; C:/Users/csb0019/Documents/uah/cpe322_324/lab04/keypad_quartus/lpm_shiftreg0.v    ;         ;
; lpm_mux1.v                       ; yes             ; User Wizard-Generated File               ; C:/Users/csb0019/Documents/uah/cpe322_324/lab04/keypad_quartus/lpm_mux1.v         ;         ;
; lpm_decode1.v                    ; yes             ; User Wizard-Generated File               ; C:/Users/csb0019/Documents/uah/cpe322_324/lab04/keypad_quartus/lpm_decode1.v      ;         ;
; lpm_counter0.v                   ; yes             ; User Wizard-Generated File               ; C:/Users/csb0019/Documents/uah/cpe322_324/lab04/keypad_quartus/lpm_counter0.v     ;         ;
; keypad_quartus.bdf               ; yes             ; Auto-Found Block Diagram/Schematic File  ; C:/Users/csb0019/Documents/uah/cpe322_324/lab04/keypad_quartus/keypad_quartus.bdf ;         ;
; hex_seven_shift.v                ; yes             ; Auto-Found Verilog HDL File              ; C:/Users/csb0019/Documents/uah/cpe322_324/lab04/keypad_quartus/hex_seven_shift.v  ;         ;
; debounce.bdf                     ; yes             ; Auto-Found Block Diagram/Schematic File  ; C:/Users/csb0019/Documents/uah/cpe322_324/lab04/keypad_quartus/debounce.bdf       ;         ;
; lpm_shiftreg.tdf                 ; yes             ; Megafunction                             ; c:/altera/13.0sp1/quartus/libraries/megafunctions/lpm_shiftreg.tdf                ;         ;
; lpm_constant.inc                 ; yes             ; Megafunction                             ; c:/altera/13.0sp1/quartus/libraries/megafunctions/lpm_constant.inc                ;         ;
; dffeea.inc                       ; yes             ; Megafunction                             ; c:/altera/13.0sp1/quartus/libraries/megafunctions/dffeea.inc                      ;         ;
; aglobal130.inc                   ; yes             ; Megafunction                             ; c:/altera/13.0sp1/quartus/libraries/megafunctions/aglobal130.inc                  ;         ;
; key_scan.bdf                     ; yes             ; Auto-Found Block Diagram/Schematic File  ; C:/Users/csb0019/Documents/uah/cpe322_324/lab04/keypad_quartus/key_scan.bdf       ;         ;
; lpm_mux.tdf                      ; yes             ; Megafunction                             ; c:/altera/13.0sp1/quartus/libraries/megafunctions/lpm_mux.tdf                     ;         ;
; muxlut.inc                       ; yes             ; Megafunction                             ; c:/altera/13.0sp1/quartus/libraries/megafunctions/muxlut.inc                      ;         ;
; bypassff.inc                     ; yes             ; Megafunction                             ; c:/altera/13.0sp1/quartus/libraries/megafunctions/bypassff.inc                    ;         ;
; altshift.inc                     ; yes             ; Megafunction                             ; c:/altera/13.0sp1/quartus/libraries/megafunctions/altshift.inc                    ;         ;
; db/mux_arc.tdf                   ; yes             ; Auto-Generated Megafunction              ; C:/Users/csb0019/Documents/uah/cpe322_324/lab04/keypad_quartus/db/mux_arc.tdf     ;         ;
; lpm_counter.tdf                  ; yes             ; Megafunction                             ; c:/altera/13.0sp1/quartus/libraries/megafunctions/lpm_counter.tdf                 ;         ;
; lpm_decode.inc                   ; yes             ; Megafunction                             ; c:/altera/13.0sp1/quartus/libraries/megafunctions/lpm_decode.inc                  ;         ;
; lpm_add_sub.inc                  ; yes             ; Megafunction                             ; c:/altera/13.0sp1/quartus/libraries/megafunctions/lpm_add_sub.inc                 ;         ;
; cmpconst.inc                     ; yes             ; Megafunction                             ; c:/altera/13.0sp1/quartus/libraries/megafunctions/cmpconst.inc                    ;         ;
; lpm_compare.inc                  ; yes             ; Megafunction                             ; c:/altera/13.0sp1/quartus/libraries/megafunctions/lpm_compare.inc                 ;         ;
; lpm_counter.inc                  ; yes             ; Megafunction                             ; c:/altera/13.0sp1/quartus/libraries/megafunctions/lpm_counter.inc                 ;         ;
; alt_counter_stratix.inc          ; yes             ; Megafunction                             ; c:/altera/13.0sp1/quartus/libraries/megafunctions/alt_counter_stratix.inc         ;         ;
; db/cntr_aph.tdf                  ; yes             ; Auto-Generated Megafunction              ; C:/Users/csb0019/Documents/uah/cpe322_324/lab04/keypad_quartus/db/cntr_aph.tdf    ;         ;
; lpm_decode.tdf                   ; yes             ; Megafunction                             ; c:/altera/13.0sp1/quartus/libraries/megafunctions/lpm_decode.tdf                  ;         ;
; declut.inc                       ; yes             ; Megafunction                             ; c:/altera/13.0sp1/quartus/libraries/megafunctions/declut.inc                      ;         ;
; db/decode_9bf.tdf                ; yes             ; Auto-Generated Megafunction              ; C:/Users/csb0019/Documents/uah/cpe322_324/lab04/keypad_quartus/db/decode_9bf.tdf  ;         ;
; clock_gen.v                      ; yes             ; Auto-Found Verilog HDL File              ; C:/Users/csb0019/Documents/uah/cpe322_324/lab04/keypad_quartus/clock_gen.v        ;         ;
; code_cnv.v                       ; yes             ; Auto-Found Verilog HDL File              ; C:/Users/csb0019/Documents/uah/cpe322_324/lab04/keypad_quartus/code_cnv.v         ;         ;
+----------------------------------+-----------------+------------------------------------------+-----------------------------------------------------------------------------------+---------+


+-----------------------------------------------------------------+
; Analysis & Synthesis Resource Usage Summary                     ;
+---------------------------------------------+-------------------+
; Resource                                    ; Usage             ;
+---------------------------------------------+-------------------+
; Estimated Total logic elements              ; 94                ;
;                                             ;                   ;
; Total combinational functions               ; 38                ;
; Logic element usage by number of LUT inputs ;                   ;
;     -- 4 input functions                    ; 11                ;
;     -- 3 input functions                    ; 2                 ;
;     -- <=2 input functions                  ; 25                ;
;                                             ;                   ;
; Logic elements by mode                      ;                   ;
;     -- normal mode                          ; 20                ;
;     -- arithmetic mode                      ; 18                ;
;                                             ;                   ;
; Total registers                             ; 85                ;
;     -- Dedicated logic registers            ; 85                ;
;     -- I/O registers                        ; 0                 ;
;                                             ;                   ;
; I/O pins                                    ; 65                ;
; Embedded Multiplier 9-bit elements          ; 0                 ;
; Maximum fan-out node                        ; debounce:C2|inst6 ;
; Maximum fan-out                             ; 57                ;
; Total fan-out                               ; 392               ;
; Average fan-out                             ; 1.55              ;
+---------------------------------------------+-------------------+


+-------------------------------------------------------------------------------------------------------------------------------------------------------------------------------------------------------------------------------------------------------------------------------------+
; Analysis & Synthesis Resource Utilization by Entity                                                                                                                                                                                                                                 ;
+------------------------------------------------+-------------------+--------------+-------------+--------------+---------+-----------+------+--------------+---------------------------------------------------------------------------------------------------------+--------------+
; Compilation Hierarchy Node                     ; LC Combinationals ; LC Registers ; Memory Bits ; DSP Elements ; DSP 9x9 ; DSP 18x18 ; Pins ; Virtual Pins ; Full Hierarchy Name                                                                                     ; Library Name ;
+------------------------------------------------+-------------------+--------------+-------------+--------------+---------+-----------+------+--------------+---------------------------------------------------------------------------------------------------------+--------------+
; |keypad_quartus                                ; 38 (0)            ; 85 (0)       ; 0           ; 0            ; 0       ; 0         ; 65   ; 0            ; |keypad_quartus                                                                                         ; work         ;
;    |clock_gen:C0|                              ; 18 (18)           ; 17 (17)      ; 0           ; 0            ; 0       ; 0         ; 0    ; 0            ; |keypad_quartus|clock_gen:C0                                                                            ; work         ;
;    |debounce:C2|                               ; 3 (3)             ; 8 (0)        ; 0           ; 0            ; 0       ; 0         ; 0    ; 0            ; |keypad_quartus|debounce:C2                                                                             ; work         ;
;       |lpm_shiftreg0:inst|                     ; 0 (0)             ; 8 (0)        ; 0           ; 0            ; 0       ; 0         ; 0    ; 0            ; |keypad_quartus|debounce:C2|lpm_shiftreg0:inst                                                          ; work         ;
;          |lpm_shiftreg:LPM_SHIFTREG_component| ; 0 (0)             ; 8 (8)        ; 0           ; 0            ; 0       ; 0         ; 0    ; 0            ; |keypad_quartus|debounce:C2|lpm_shiftreg0:inst|lpm_shiftreg:LPM_SHIFTREG_component                      ; work         ;
;    |hex_seven_shift:C4|                        ; 7 (7)             ; 56 (56)      ; 0           ; 0            ; 0       ; 0         ; 0    ; 0            ; |keypad_quartus|hex_seven_shift:C4                                                                      ; work         ;
;    |key_scan:C1|                               ; 10 (0)            ; 4 (0)        ; 0           ; 0            ; 0       ; 0         ; 0    ; 0            ; |keypad_quartus|key_scan:C1                                                                             ; work         ;
;       |lpm_counter0:inst|                      ; 4 (0)             ; 4 (0)        ; 0           ; 0            ; 0       ; 0         ; 0    ; 0            ; |keypad_quartus|key_scan:C1|lpm_counter0:inst                                                           ; work         ;
;          |lpm_counter:LPM_COUNTER_component|   ; 4 (0)             ; 4 (0)        ; 0           ; 0            ; 0       ; 0         ; 0    ; 0            ; |keypad_quartus|key_scan:C1|lpm_counter0:inst|lpm_counter:LPM_COUNTER_component                         ; work         ;
;             |cntr_aph:auto_generated|          ; 4 (4)             ; 4 (4)        ; 0           ; 0            ; 0       ; 0         ; 0    ; 0            ; |keypad_quartus|key_scan:C1|lpm_counter0:inst|lpm_counter:LPM_COUNTER_component|cntr_aph:auto_generated ; work         ;
;       |lpm_decode1:inst1|                      ; 4 (0)             ; 0 (0)        ; 0           ; 0            ; 0       ; 0         ; 0    ; 0            ; |keypad_quartus|key_scan:C1|lpm_decode1:inst1                                                           ; work         ;
;          |lpm_decode:LPM_DECODE_component|     ; 4 (0)             ; 0 (0)        ; 0           ; 0            ; 0       ; 0         ; 0    ; 0            ; |keypad_quartus|key_scan:C1|lpm_decode1:inst1|lpm_decode:LPM_DECODE_component                           ; work         ;
;             |decode_9bf:auto_generated|        ; 4 (4)             ; 0 (0)        ; 0           ; 0            ; 0       ; 0         ; 0    ; 0            ; |keypad_quartus|key_scan:C1|lpm_decode1:inst1|lpm_decode:LPM_DECODE_component|decode_9bf:auto_generated ; work         ;
;       |lpm_mux1:inst2|                         ; 2 (0)             ; 0 (0)        ; 0           ; 0            ; 0       ; 0         ; 0    ; 0            ; |keypad_quartus|key_scan:C1|lpm_mux1:inst2                                                              ; work         ;
;          |lpm_mux:LPM_MUX_component|           ; 2 (0)             ; 0 (0)        ; 0           ; 0            ; 0       ; 0         ; 0    ; 0            ; |keypad_quartus|key_scan:C1|lpm_mux1:inst2|lpm_mux:LPM_MUX_component                                    ; work         ;
;             |mux_arc:auto_generated|           ; 2 (2)             ; 0 (0)        ; 0           ; 0            ; 0       ; 0         ; 0    ; 0            ; |keypad_quartus|key_scan:C1|lpm_mux1:inst2|lpm_mux:LPM_MUX_component|mux_arc:auto_generated             ; work         ;
+------------------------------------------------+-------------------+--------------+-------------+--------------+---------+-----------+------+--------------+---------------------------------------------------------------------------------------------------------+--------------+
Note: For table entries with two numbers listed, the numbers in parentheses indicate the number of resources of the given type used by the specific entity alone. The numbers listed outside of parentheses indicate the total resources of the given type used by the specific entity and all of its sub-entities in the hierarchy.


+-------------------------------------------------------------------------------------------------------------------------------------------------------------------------------------------------+
; Analysis & Synthesis IP Cores Summary                                                                                                                                                           ;
+--------+--------------+---------+--------------+--------------+------------------------------------------------+--------------------------------------------------------------------------------+
; Vendor ; IP Core Name ; Version ; Release Date ; License Type ; Entity Instance                                ; IP Include File                                                                ;
+--------+--------------+---------+--------------+--------------+------------------------------------------------+--------------------------------------------------------------------------------+
; Altera ; LPM_COUNTER  ; N/A     ; N/A          ; N/A          ; |keypad_quartus|key_scan:C1|lpm_counter0:inst  ; C:/Users/csb0019/Documents/uah/cpe322_324/lab04/keypad_quartus/lpm_counter0.v  ;
; Altera ; LPM_DECODE   ; N/A     ; N/A          ; N/A          ; |keypad_quartus|key_scan:C1|lpm_decode1:inst1  ; C:/Users/csb0019/Documents/uah/cpe322_324/lab04/keypad_quartus/lpm_decode1.v   ;
; Altera ; LPM_MUX      ; N/A     ; N/A          ; N/A          ; |keypad_quartus|key_scan:C1|lpm_mux1:inst2     ; C:/Users/csb0019/Documents/uah/cpe322_324/lab04/keypad_quartus/lpm_mux1.v      ;
; Altera ; LPM_SHIFTREG ; N/A     ; N/A          ; N/A          ; |keypad_quartus|debounce:C2|lpm_shiftreg0:inst ; C:/Users/csb0019/Documents/uah/cpe322_324/lab04/keypad_quartus/lpm_shiftreg0.v ;
+--------+--------------+---------+--------------+--------------+------------------------------------------------+--------------------------------------------------------------------------------+


+---------------------------------------------------------------------------------------------------+
; User-Specified and Inferred Latches                                                               ;
+----------------------------------------------------+---------------------+------------------------+
; Latch Name                                         ; Latch Enable Signal ; Free of Timing Hazards ;
+----------------------------------------------------+---------------------+------------------------+
; clock_gen:C0|scan_clk                              ; debounce:C2|inst6   ; yes                    ;
; Number of user-specified and inferred latches = 1  ;                     ;                        ;
+----------------------------------------------------+---------------------+------------------------+
Note: All latches listed above may not be present at the end of synthesis due to various synthesis optimizations.


+------------------------------------------------------+
; General Register Statistics                          ;
+----------------------------------------------+-------+
; Statistic                                    ; Value ;
+----------------------------------------------+-------+
; Total registers                              ; 85    ;
; Number of registers using Synchronous Clear  ; 0     ;
; Number of registers using Synchronous Load   ; 0     ;
; Number of registers using Asynchronous Clear ; 0     ;
; Number of registers using Asynchronous Load  ; 0     ;
; Number of registers using Clock Enable       ; 0     ;
; Number of registers using Preset             ; 0     ;
+----------------------------------------------+-------+


+-----------------------------------------------------------------------------------------------------------------+
; Parameter Settings for User Entity Instance: debounce:C2|lpm_shiftreg0:inst|lpm_shiftreg:LPM_SHIFTREG_component ;
+------------------------+--------------+-------------------------------------------------------------------------+
; Parameter Name         ; Value        ; Type                                                                    ;
+------------------------+--------------+-------------------------------------------------------------------------+
; LPM_WIDTH              ; 8            ; Signed Integer                                                          ;
; LPM_DIRECTION          ; RIGHT        ; Untyped                                                                 ;
; LPM_AVALUE             ; UNUSED       ; Untyped                                                                 ;
; LPM_SVALUE             ; UNUSED       ; Untyped                                                                 ;
; DEVICE_FAMILY          ; Cyclone IV E ; Untyped                                                                 ;
; AUTO_CARRY_CHAINS      ; ON           ; AUTO_CARRY                                                              ;
; IGNORE_CARRY_BUFFERS   ; OFF          ; IGNORE_CARRY                                                            ;
; AUTO_CASCADE_CHAINS    ; ON           ; AUTO_CASCADE                                                            ;
; IGNORE_CASCADE_BUFFERS ; OFF          ; IGNORE_CASCADE                                                          ;
+------------------------+--------------+-------------------------------------------------------------------------+
Note: In order to hide this table in the UI and the text report file, please set the "Show Parameter Settings in Synthesis Report" option in "Analysis and Synthesis Settings -> More Settings" to "Off".


+---------------------------------------------------------------------------------------------------+
; Parameter Settings for User Entity Instance: key_scan:C1|lpm_mux1:inst2|lpm_mux:LPM_MUX_component ;
+------------------------+--------------+-----------------------------------------------------------+
; Parameter Name         ; Value        ; Type                                                      ;
+------------------------+--------------+-----------------------------------------------------------+
; AUTO_CARRY_CHAINS      ; ON           ; AUTO_CARRY                                                ;
; IGNORE_CARRY_BUFFERS   ; OFF          ; IGNORE_CARRY                                              ;
; AUTO_CASCADE_CHAINS    ; ON           ; AUTO_CASCADE                                              ;
; IGNORE_CASCADE_BUFFERS ; OFF          ; IGNORE_CASCADE                                            ;
; LPM_WIDTH              ; 1            ; Signed Integer                                            ;
; LPM_SIZE               ; 4            ; Signed Integer                                            ;
; LPM_WIDTHS             ; 2            ; Signed Integer                                            ;
; LPM_PIPELINE           ; 0            ; Untyped                                                   ;
; CBXI_PARAMETER         ; mux_arc      ; Untyped                                                   ;
; DEVICE_FAMILY          ; Cyclone IV E ; Untyped                                                   ;
+------------------------+--------------+-----------------------------------------------------------+
Note: In order to hide this table in the UI and the text report file, please set the "Show Parameter Settings in Synthesis Report" option in "Analysis and Synthesis Settings -> More Settings" to "Off".


+--------------------------------------------------------------------------------------------------------------+
; Parameter Settings for User Entity Instance: key_scan:C1|lpm_counter0:inst|lpm_counter:LPM_COUNTER_component ;
+------------------------+--------------+----------------------------------------------------------------------+
; Parameter Name         ; Value        ; Type                                                                 ;
+------------------------+--------------+----------------------------------------------------------------------+
; AUTO_CARRY_CHAINS      ; ON           ; AUTO_CARRY                                                           ;
; IGNORE_CARRY_BUFFERS   ; OFF          ; IGNORE_CARRY                                                         ;
; AUTO_CASCADE_CHAINS    ; ON           ; AUTO_CASCADE                                                         ;
; IGNORE_CASCADE_BUFFERS ; OFF          ; IGNORE_CASCADE                                                       ;
; LPM_WIDTH              ; 4            ; Signed Integer                                                       ;
; LPM_DIRECTION          ; UP           ; Untyped                                                              ;
; LPM_MODULUS            ; 0            ; Untyped                                                              ;
; LPM_AVALUE             ; UNUSED       ; Untyped                                                              ;
; LPM_SVALUE             ; UNUSED       ; Untyped                                                              ;
; LPM_PORT_UPDOWN        ; PORT_UNUSED  ; Untyped                                                              ;
; DEVICE_FAMILY          ; Cyclone IV E ; Untyped                                                              ;
; CARRY_CHAIN            ; MANUAL       ; Untyped                                                              ;
; CARRY_CHAIN_LENGTH     ; 48           ; CARRY_CHAIN_LENGTH                                                   ;
; NOT_GATE_PUSH_BACK     ; ON           ; NOT_GATE_PUSH_BACK                                                   ;
; CARRY_CNT_EN           ; SMART        ; Untyped                                                              ;
; LABWIDE_SCLR           ; ON           ; Untyped                                                              ;
; USE_NEW_VERSION        ; TRUE         ; Untyped                                                              ;
; CBXI_PARAMETER         ; cntr_aph     ; Untyped                                                              ;
+------------------------+--------------+----------------------------------------------------------------------+
Note: In order to hide this table in the UI and the text report file, please set the "Show Parameter Settings in Synthesis Report" option in "Analysis and Synthesis Settings -> More Settings" to "Off".


+------------------------------------------------------------------------------------------------------------+
; Parameter Settings for User Entity Instance: key_scan:C1|lpm_decode1:inst1|lpm_decode:LPM_DECODE_component ;
+------------------------+--------------+--------------------------------------------------------------------+
; Parameter Name         ; Value        ; Type                                                               ;
+------------------------+--------------+--------------------------------------------------------------------+
; LPM_WIDTH              ; 2            ; Signed Integer                                                     ;
; LPM_DECODES            ; 4            ; Signed Integer                                                     ;
; LPM_PIPELINE           ; 0            ; Untyped                                                            ;
; CASCADE_CHAIN          ; MANUAL       ; Untyped                                                            ;
; DEVICE_FAMILY          ; Cyclone IV E ; Untyped                                                            ;
; CBXI_PARAMETER         ; decode_9bf   ; Untyped                                                            ;
; AUTO_CARRY_CHAINS      ; ON           ; AUTO_CARRY                                                         ;
; IGNORE_CARRY_BUFFERS   ; OFF          ; IGNORE_CARRY                                                       ;
; AUTO_CASCADE_CHAINS    ; ON           ; AUTO_CASCADE                                                       ;
; IGNORE_CASCADE_BUFFERS ; OFF          ; IGNORE_CASCADE                                                     ;
+------------------------+--------------+--------------------------------------------------------------------+
Note: In order to hide this table in the UI and the text report file, please set the "Show Parameter Settings in Synthesis Report" option in "Analysis and Synthesis Settings -> More Settings" to "Off".


+-------------------------------------------------------------------------------------------------+
; lpm_shiftreg Parameter Settings by Entity Instance                                              ;
+----------------------------+--------------------------------------------------------------------+
; Name                       ; Value                                                              ;
+----------------------------+--------------------------------------------------------------------+
; Number of entity instances ; 1                                                                  ;
; Entity Instance            ; debounce:C2|lpm_shiftreg0:inst|lpm_shiftreg:LPM_SHIFTREG_component ;
;     -- LPM_WIDTH           ; 8                                                                  ;
;     -- LPM_DIRECTION       ; RIGHT                                                              ;
+----------------------------+--------------------------------------------------------------------+


+-------------------------------+
; Elapsed Time Per Partition    ;
+----------------+--------------+
; Partition Name ; Elapsed Time ;
+----------------+--------------+
; Top            ; 00:00:01     ;
+----------------+--------------+


+-------------------------------+
; Analysis & Synthesis Messages ;
+-------------------------------+
Info: *******************************************************************
Info: Running Quartus II 32-bit Analysis & Synthesis
    Info: Version 13.0.1 Build 232 06/12/2013 Service Pack 1 SJ Full Version
    Info: Processing started: Sat Mar 07 11:34:02 2015
Info: Command: quartus_map --read_settings_files=on --write_settings_files=off keypad_quartus -c keypad_quartus
Info (20030): Parallel compilation is enabled and will use 2 of the 2 processors detected
Info (12021): Found 1 design units, including 1 entities, in source file lpm_shiftreg0.v
    Info (12023): Found entity 1: lpm_shiftreg0
Info (12021): Found 1 design units, including 1 entities, in source file lpm_mux1.v
    Info (12023): Found entity 1: lpm_mux1
Info (12021): Found 1 design units, including 1 entities, in source file lpm_decode1.v
    Info (12023): Found entity 1: lpm_decode1
Info (12021): Found 1 design units, including 1 entities, in source file lpm_counter0.v
    Info (12023): Found entity 1: lpm_counter0
Warning (12125): Using design file keypad_quartus.bdf, which is not specified as a design file for the current project, but contains definitions for 1 design units and 1 entities in project
    Info (12023): Found entity 1: keypad_quartus
Info (12127): Elaborating entity "keypad_quartus" for the top level hierarchy
Warning (12125): Using design file hex_seven_shift.v, which is not specified as a design file for the current project, but contains definitions for 1 design units and 1 entities in project
    Info (12023): Found entity 1: hex_seven_shift
Info (12128): Elaborating entity "hex_seven_shift" for hierarchy "hex_seven_shift:C4"
Warning (12125): Using design file debounce.bdf, which is not specified as a design file for the current project, but contains definitions for 1 design units and 1 entities in project
    Info (12023): Found entity 1: debounce
Info (12128): Elaborating entity "debounce" for hierarchy "debounce:C2"
Warning (275008): Primitive "JKFF" of instance "inst2" not used
Warning (275008): Primitive "NOT" of instance "inst4" not used
Warning (275008): Primitive "NOT" of instance "inst5" not used
Info (12128): Elaborating entity "lpm_shiftreg0" for hierarchy "debounce:C2|lpm_shiftreg0:inst"
Info (12128): Elaborating entity "lpm_shiftreg" for hierarchy "debounce:C2|lpm_shiftreg0:inst|lpm_shiftreg:LPM_SHIFTREG_component"
Info (12130): Elaborated megafunction instantiation "debounce:C2|lpm_shiftreg0:inst|lpm_shiftreg:LPM_SHIFTREG_component"
Info (12133): Instantiated megafunction "debounce:C2|lpm_shiftreg0:inst|lpm_shiftreg:LPM_SHIFTREG_component" with the following parameter:
    Info (12134): Parameter "lpm_direction" = "RIGHT"
    Info (12134): Parameter "lpm_type" = "LPM_SHIFTREG"
    Info (12134): Parameter "lpm_width" = "8"
Warning (12125): Using design file key_scan.bdf, which is not specified as a design file for the current project, but contains definitions for 1 design units and 1 entities in project
    Info (12023): Found entity 1: key_scan
Info (12128): Elaborating entity "key_scan" for hierarchy "key_scan:C1"
Info (12128): Elaborating entity "lpm_mux1" for hierarchy "key_scan:C1|lpm_mux1:inst2"
Info (12128): Elaborating entity "lpm_mux" for hierarchy "key_scan:C1|lpm_mux1:inst2|lpm_mux:LPM_MUX_component"
Info (12130): Elaborated megafunction instantiation "key_scan:C1|lpm_mux1:inst2|lpm_mux:LPM_MUX_component"
Info (12133): Instantiated megafunction "key_scan:C1|lpm_mux1:inst2|lpm_mux:LPM_MUX_component" with the following parameter:
    Info (12134): Parameter "lpm_size" = "4"
    Info (12134): Parameter "lpm_type" = "LPM_MUX"
    Info (12134): Parameter "lpm_width" = "1"
    Info (12134): Parameter "lpm_widths" = "2"
Info (12021): Found 1 design units, including 1 entities, in source file db/mux_arc.tdf
    Info (12023): Found entity 1: mux_arc
Info (12128): Elaborating entity "mux_arc" for hierarchy "key_scan:C1|lpm_mux1:inst2|lpm_mux:LPM_MUX_component|mux_arc:auto_generated"
Info (12128): Elaborating entity "lpm_counter0" for hierarchy "key_scan:C1|lpm_counter0:inst"
Info (12128): Elaborating entity "lpm_counter" for hierarchy "key_scan:C1|lpm_counter0:inst|lpm_counter:LPM_COUNTER_component"
Info (12130): Elaborated megafunction instantiation "key_scan:C1|lpm_counter0:inst|lpm_counter:LPM_COUNTER_component"
Info (12133): Instantiated megafunction "key_scan:C1|lpm_counter0:inst|lpm_counter:LPM_COUNTER_component" with the following parameter:
    Info (12134): Parameter "lpm_direction" = "UP"
    Info (12134): Parameter "lpm_port_updown" = "PORT_UNUSED"
    Info (12134): Parameter "lpm_type" = "LPM_COUNTER"
    Info (12134): Parameter "lpm_width" = "4"
Info (12021): Found 1 design units, including 1 entities, in source file db/cntr_aph.tdf
    Info (12023): Found entity 1: cntr_aph
Info (12128): Elaborating entity "cntr_aph" for hierarchy "key_scan:C1|lpm_counter0:inst|lpm_counter:LPM_COUNTER_component|cntr_aph:auto_generated"
Info (12128): Elaborating entity "lpm_decode1" for hierarchy "key_scan:C1|lpm_decode1:inst1"
Info (12128): Elaborating entity "lpm_decode" for hierarchy "key_scan:C1|lpm_decode1:inst1|lpm_decode:LPM_DECODE_component"
Info (12130): Elaborated megafunction instantiation "key_scan:C1|lpm_decode1:inst1|lpm_decode:LPM_DECODE_component"
Info (12133): Instantiated megafunction "key_scan:C1|lpm_decode1:inst1|lpm_decode:LPM_DECODE_component" with the following parameter:
    Info (12134): Parameter "lpm_decodes" = "4"
    Info (12134): Parameter "lpm_type" = "LPM_DECODE"
    Info (12134): Parameter "lpm_width" = "2"
Info (12021): Found 1 design units, including 1 entities, in source file db/decode_9bf.tdf
    Info (12023): Found entity 1: decode_9bf
Info (12128): Elaborating entity "decode_9bf" for hierarchy "key_scan:C1|lpm_decode1:inst1|lpm_decode:LPM_DECODE_component|decode_9bf:auto_generated"
Warning (12125): Using design file clock_gen.v, which is not specified as a design file for the current project, but contains definitions for 1 design units and 1 entities in project
    Info (12023): Found entity 1: clock_gen
Info (12128): Elaborating entity "clock_gen" for hierarchy "clock_gen:C0"
Info (10041): Inferred latch for "scan_clk" at clock_gen.v(9)
Warning (12125): Using design file code_cnv.v, which is not specified as a design file for the current project, but contains definitions for 1 design units and 1 entities in project
    Info (12023): Found entity 1: code_cnv
Info (12128): Elaborating entity "code_cnv" for hierarchy "code_cnv:C3"
Info (286030): Timing-Driven Synthesis is running
Info (144001): Generated suppressed messages file C:/Users/csb0019/Documents/uah/cpe322_324/lab04/keypad_quartus/keypad_quartus.map.smsg
Info (16010): Generating hard_block partition "hard_block:auto_generated_inst"
    Info (16011): Adding 0 node(s), including 0 DDIO, 0 PLL, 0 transceiver and 0 LCELL
Info (21057): Implemented 159 device resources after synthesis - the final resource count might be different
    Info (21058): Implemented 5 input pins
    Info (21059): Implemented 60 output pins
    Info (21061): Implemented 94 logic cells
Info: Quartus II 32-bit Analysis & Synthesis was successful. 0 errors, 9 warnings
    Info: Peak virtual memory: 357 megabytes
    Info: Processing ended: Sat Mar 07 11:34:08 2015
    Info: Elapsed time: 00:00:06
    Info: Total CPU time (on all processors): 00:00:04


+------------------------------------------+
; Analysis & Synthesis Suppressed Messages ;
+------------------------------------------+
The suppressed messages can be found in C:/Users/csb0019/Documents/uah/cpe322_324/lab04/keypad_quartus/keypad_quartus.map.smsg.


