Analysis & Synthesis report for lab8
Fri Apr 10 14:22:15 2015
Quartus II 32-bit Version 13.0.1 Build 232 06/12/2013 Service Pack 1 SJ Full Version


---------------------
; Table of Contents ;
---------------------
  1. Legal Notice
  2. Analysis & Synthesis Summary
  3. Analysis & Synthesis Settings
  4. Parallel Compilation
  5. Analysis & Synthesis Source Files Read
  6. Analysis & Synthesis Resource Usage Summary
  7. Analysis & Synthesis Resource Utilization by Entity
  8. User-Specified and Inferred Latches
  9. General Register Statistics
 10. Multiplexer Restructuring Statistics (Restructuring Performed)
 11. Port Connectivity Checks: "CLOCK_DIVIDE:C1"
 12. Elapsed Time Per Partition
 13. Analysis & Synthesis Messages
 14. Analysis & Synthesis Suppressed Messages



----------------
; Legal Notice ;
----------------
Copyright (C) 1991-2013 Altera Corporation
Your use of Altera Corporation's design tools, logic functions 
and other software and tools, and its AMPP partner logic 
functions, and any output files from any of the foregoing 
(including device programming or simulation files), and any 
associated documentation or information are expressly subject 
to the terms and conditions of the Altera Program License 
Subscription Agreement, Altera MegaCore Function License 
Agreement, or other applicable license agreement, including, 
without limitation, that your use is for the sole purpose of 
programming logic devices manufactured by Altera and sold by 
Altera or its authorized distributors.  Please refer to the 
applicable agreement for further details.



+---------------------------------------------------------------------------------------+
; Analysis & Synthesis Summary                                                          ;
+------------------------------------+--------------------------------------------------+
; Analysis & Synthesis Status        ; Successful - Fri Apr 10 14:22:15 2015            ;
; Quartus II 32-bit Version          ; 13.0.1 Build 232 06/12/2013 SP 1 SJ Full Version ;
; Revision Name                      ; lab8                                             ;
; Top-level Entity Name              ; lab8                                             ;
; Family                             ; Cyclone IV E                                     ;
; Total logic elements               ; 42                                               ;
;     Total combinational functions  ; 41                                               ;
;     Dedicated logic registers      ; 8                                                ;
; Total registers                    ; 8                                                ;
; Total pins                         ; 34                                               ;
; Total virtual pins                 ; 0                                                ;
; Total memory bits                  ; 0                                                ;
; Embedded Multiplier 9-bit elements ; 0                                                ;
; Total PLLs                         ; 0                                                ;
+------------------------------------+--------------------------------------------------+


+----------------------------------------------------------------------------------------------------------------------+
; Analysis & Synthesis Settings                                                                                        ;
+----------------------------------------------------------------------------+--------------------+--------------------+
; Option                                                                     ; Setting            ; Default Value      ;
+----------------------------------------------------------------------------+--------------------+--------------------+
; Device                                                                     ; EP4CE115F29C7      ;                    ;
; Top-level entity name                                                      ; lab8               ; lab8               ;
; Family name                                                                ; Cyclone IV E       ; Cyclone IV GX      ;
; Use smart compilation                                                      ; Off                ; Off                ;
; Enable parallel Assembler and TimeQuest Timing Analyzer during compilation ; On                 ; On                 ;
; Enable compact report table                                                ; Off                ; Off                ;
; Restructure Multiplexers                                                   ; Auto               ; Auto               ;
; Create Debugging Nodes for IP Cores                                        ; Off                ; Off                ;
; Preserve fewer node names                                                  ; On                 ; On                 ;
; Disable OpenCore Plus hardware evaluation                                  ; Off                ; Off                ;
; Verilog Version                                                            ; Verilog_2001       ; Verilog_2001       ;
; VHDL Version                                                               ; VHDL_1993          ; VHDL_1993          ;
; State Machine Processing                                                   ; Auto               ; Auto               ;
; Safe State Machine                                                         ; Off                ; Off                ;
; Extract Verilog State Machines                                             ; On                 ; On                 ;
; Extract VHDL State Machines                                                ; On                 ; On                 ;
; Ignore Verilog initial constructs                                          ; Off                ; Off                ;
; Iteration limit for constant Verilog loops                                 ; 5000               ; 5000               ;
; Iteration limit for non-constant Verilog loops                             ; 250                ; 250                ;
; Add Pass-Through Logic to Inferred RAMs                                    ; On                 ; On                 ;
; Infer RAMs from Raw Logic                                                  ; On                 ; On                 ;
; Parallel Synthesis                                                         ; On                 ; On                 ;
; DSP Block Balancing                                                        ; Auto               ; Auto               ;
; NOT Gate Push-Back                                                         ; On                 ; On                 ;
; Power-Up Don't Care                                                        ; On                 ; On                 ;
; Remove Redundant Logic Cells                                               ; Off                ; Off                ;
; Remove Duplicate Registers                                                 ; On                 ; On                 ;
; Ignore CARRY Buffers                                                       ; Off                ; Off                ;
; Ignore CASCADE Buffers                                                     ; Off                ; Off                ;
; Ignore GLOBAL Buffers                                                      ; Off                ; Off                ;
; Ignore ROW GLOBAL Buffers                                                  ; Off                ; Off                ;
; Ignore LCELL Buffers                                                       ; Off                ; Off                ;
; Ignore SOFT Buffers                                                        ; On                 ; On                 ;
; Limit AHDL Integers to 32 Bits                                             ; Off                ; Off                ;
; Optimization Technique                                                     ; Balanced           ; Balanced           ;
; Carry Chain Length                                                         ; 70                 ; 70                 ;
; Auto Carry Chains                                                          ; On                 ; On                 ;
; Auto Open-Drain Pins                                                       ; On                 ; On                 ;
; Perform WYSIWYG Primitive Resynthesis                                      ; Off                ; Off                ;
; Auto ROM Replacement                                                       ; On                 ; On                 ;
; Auto RAM Replacement                                                       ; On                 ; On                 ;
; Auto DSP Block Replacement                                                 ; On                 ; On                 ;
; Auto Shift Register Replacement                                            ; Auto               ; Auto               ;
; Allow Shift Register Merging across Hierarchies                            ; Auto               ; Auto               ;
; Auto Clock Enable Replacement                                              ; On                 ; On                 ;
; Strict RAM Replacement                                                     ; Off                ; Off                ;
; Allow Synchronous Control Signals                                          ; On                 ; On                 ;
; Force Use of Synchronous Clear Signals                                     ; Off                ; Off                ;
; Auto RAM Block Balancing                                                   ; On                 ; On                 ;
; Auto RAM to Logic Cell Conversion                                          ; Off                ; Off                ;
; Auto Resource Sharing                                                      ; Off                ; Off                ;
; Allow Any RAM Size For Recognition                                         ; Off                ; Off                ;
; Allow Any ROM Size For Recognition                                         ; Off                ; Off                ;
; Allow Any Shift Register Size For Recognition                              ; Off                ; Off                ;
; Use LogicLock Constraints during Resource Balancing                        ; On                 ; On                 ;
; Ignore translate_off and synthesis_off directives                          ; Off                ; Off                ;
; Timing-Driven Synthesis                                                    ; On                 ; On                 ;
; Report Parameter Settings                                                  ; On                 ; On                 ;
; Report Source Assignments                                                  ; On                 ; On                 ;
; Report Connectivity Checks                                                 ; On                 ; On                 ;
; Ignore Maximum Fan-Out Assignments                                         ; Off                ; Off                ;
; Synchronization Register Chain Length                                      ; 2                  ; 2                  ;
; PowerPlay Power Optimization                                               ; Normal compilation ; Normal compilation ;
; HDL message level                                                          ; Level2             ; Level2             ;
; Suppress Register Optimization Related Messages                            ; Off                ; Off                ;
; Number of Removed Registers Reported in Synthesis Report                   ; 5000               ; 5000               ;
; Number of Swept Nodes Reported in Synthesis Report                         ; 5000               ; 5000               ;
; Number of Inverted Registers Reported in Synthesis Report                  ; 100                ; 100                ;
; Clock MUX Protection                                                       ; On                 ; On                 ;
; Auto Gated Clock Conversion                                                ; Off                ; Off                ;
; Block Design Naming                                                        ; Auto               ; Auto               ;
; SDC constraint protection                                                  ; Off                ; Off                ;
; Synthesis Effort                                                           ; Auto               ; Auto               ;
; Shift Register Replacement - Allow Asynchronous Clear Signal               ; On                 ; On                 ;
; Pre-Mapping Resynthesis Optimization                                       ; Off                ; Off                ;
; Analysis & Synthesis Message Level                                         ; Medium             ; Medium             ;
; Disable Register Merging Across Hierarchies                                ; Auto               ; Auto               ;
; Resource Aware Inference For Block RAM                                     ; On                 ; On                 ;
; Synthesis Seed                                                             ; 1                  ; 1                  ;
+----------------------------------------------------------------------------+--------------------+--------------------+


+------------------------------------------+
; Parallel Compilation                     ;
+----------------------------+-------------+
; Processors                 ; Number      ;
+----------------------------+-------------+
; Number detected on machine ; 2           ;
; Maximum allowed            ; 2           ;
;                            ;             ;
; Average used               ; 1.00        ;
; Maximum used               ; 1           ;
;                            ;             ;
; Usage by Processor         ; % Time Used ;
;     Processor 1            ; 100.0%      ;
;     Processor 2            ;   0.0%      ;
+----------------------------+-------------+


+----------------------------------------------------------------------------------------------------------------------------------------------------------+
; Analysis & Synthesis Source Files Read                                                                                                                   ;
+----------------------------------+-----------------+------------------------+------------------------------------------------------------------+---------+
; File Name with User-Entered Path ; Used in Netlist ; File Type              ; File Name with Absolute Path                                     ; Library ;
+----------------------------------+-----------------+------------------------+------------------------------------------------------------------+---------+
; lab8_ip_core.vhd                 ; yes             ; User VHDL File         ; C:/Users/csb0019/Documents/uah/cpe322_324/lab08/lab8_ip_core.vhd ;         ;
; lab8.v                           ; yes             ; User Verilog HDL File  ; C:/Users/csb0019/Documents/uah/cpe322_324/lab08/lab8.v           ;         ;
+----------------------------------+-----------------+------------------------+------------------------------------------------------------------+---------+


+----------------------------------------------------------------------------+
; Analysis & Synthesis Resource Usage Summary                                ;
+---------------------------------------------+------------------------------+
; Resource                                    ; Usage                        ;
+---------------------------------------------+------------------------------+
; Estimated Total logic elements              ; 42                           ;
;                                             ;                              ;
; Total combinational functions               ; 41                           ;
; Logic element usage by number of LUT inputs ;                              ;
;     -- 4 input functions                    ; 17                           ;
;     -- 3 input functions                    ; 16                           ;
;     -- <=2 input functions                  ; 8                            ;
;                                             ;                              ;
; Logic elements by mode                      ;                              ;
;     -- normal mode                          ; 36                           ;
;     -- arithmetic mode                      ; 5                            ;
;                                             ;                              ;
; Total registers                             ; 8                            ;
;     -- Dedicated logic registers            ; 8                            ;
;     -- I/O registers                        ; 0                            ;
;                                             ;                              ;
; I/O pins                                    ; 34                           ;
; Embedded Multiplier 9-bit elements          ; 0                            ;
; Maximum fan-out node                        ; DS1620_INTERFACE:C3|count[0] ;
; Maximum fan-out                             ; 15                           ;
; Total fan-out                               ; 194                          ;
; Average fan-out                             ; 1.64                         ;
+---------------------------------------------+------------------------------+


+-----------------------------------------------------------------------------------------------------------------------------------------------------------------------------------+
; Analysis & Synthesis Resource Utilization by Entity                                                                                                                               ;
+----------------------------+-------------------+--------------+-------------+--------------+---------+-----------+------+--------------+---------------------------+--------------+
; Compilation Hierarchy Node ; LC Combinationals ; LC Registers ; Memory Bits ; DSP Elements ; DSP 9x9 ; DSP 18x18 ; Pins ; Virtual Pins ; Full Hierarchy Name       ; Library Name ;
+----------------------------+-------------------+--------------+-------------+--------------+---------+-----------+------+--------------+---------------------------+--------------+
; |lab8                      ; 41 (0)            ; 8 (0)        ; 0           ; 0            ; 0       ; 0         ; 34   ; 0            ; |lab8                     ; work         ;
;    |CLOCK_DIVIDE:C1|       ; 7 (7)             ; 8 (8)        ; 0           ; 0            ; 0       ; 0         ; 0    ; 0            ; |lab8|CLOCK_DIVIDE:C1     ; work         ;
;    |DS1620_INTERFACE:C3|   ; 34 (34)           ; 0 (0)        ; 0           ; 0            ; 0       ; 0         ; 0    ; 0            ; |lab8|DS1620_INTERFACE:C3 ; work         ;
+----------------------------+-------------------+--------------+-------------+--------------+---------+-----------+------+--------------+---------------------------+--------------+
Note: For table entries with two numbers listed, the numbers in parentheses indicate the number of resources of the given type used by the specific entity alone. The numbers listed outside of parentheses indicate the total resources of the given type used by the specific entity and all of its sub-entities in the hierarchy.


+------------------------------------------------------------------------------------------------------------+
; User-Specified and Inferred Latches                                                                        ;
+-----------------------------------------------------+-----------------------------+------------------------+
; Latch Name                                          ; Latch Enable Signal         ; Free of Timing Hazards ;
+-----------------------------------------------------+-----------------------------+------------------------+
; DS1620_INTERFACE:C3|CLK_OUT                         ; DS1620_INTERFACE:C3|CLK_OUT ; yes                    ;
; DS1620_INTERFACE:C3|RST                             ; DS1620_INTERFACE:C3|RST     ; yes                    ;
; DS1620_INTERFACE:C3|count[1]                        ; DS1620_CLK~direct           ; yes                    ;
; DS1620_INTERFACE:C3|count[0]                        ; DS1620_CLK~direct           ; yes                    ;
; DS1620_INTERFACE:C3|count[3]                        ; DS1620_CLK~direct           ; yes                    ;
; DS1620_INTERFACE:C3|count[4]                        ; DS1620_CLK~direct           ; yes                    ;
; DS1620_INTERFACE:C3|count[5]                        ; DS1620_CLK~direct           ; yes                    ;
; DS1620_INTERFACE:C3|count[2]                        ; DS1620_CLK~direct           ; yes                    ;
; DS1620_INTERFACE:C3|DQ_OUT                          ; DS1620_INTERFACE:C3|RST     ; yes                    ;
; DS1620_INTERFACE:C3|TRI_EN                          ; DS1620_INTERFACE:C3|RST     ; yes                    ;
; Number of user-specified and inferred latches = 10  ;                             ;                        ;
+-----------------------------------------------------+-----------------------------+------------------------+
Note: All latches listed above may not be present at the end of synthesis due to various synthesis optimizations.


+------------------------------------------------------+
; General Register Statistics                          ;
+----------------------------------------------+-------+
; Statistic                                    ; Value ;
+----------------------------------------------+-------+
; Total registers                              ; 8     ;
; Number of registers using Synchronous Clear  ; 0     ;
; Number of registers using Synchronous Load   ; 0     ;
; Number of registers using Asynchronous Clear ; 0     ;
; Number of registers using Asynchronous Load  ; 0     ;
; Number of registers using Clock Enable       ; 0     ;
; Number of registers using Preset             ; 0     ;
+----------------------------------------------+-------+


+-----------------------------------------------------------------------------------------------------------------------------------------------+
; Multiplexer Restructuring Statistics (Restructuring Performed)                                                                                ;
+--------------------+-----------+---------------+----------------------+------------------------+------------+---------------------------------+
; Multiplexer Inputs ; Bus Width ; Baseline Area ; Area if Restructured ; Saving if Restructured ; Registered ; Example Multiplexer Output      ;
+--------------------+-----------+---------------+----------------------+------------------------+------------+---------------------------------+
; 3:1                ; 6 bits    ; 12 LEs        ; 6 LEs                ; 6 LEs                  ; No         ; |lab8|DS1620_INTERFACE:C3|count ;
+--------------------+-----------+---------------+----------------------+------------------------+------------+---------------------------------+


+-------------------------------------------------------------------------------------------------------------------------------------------+
; Port Connectivity Checks: "CLOCK_DIVIDE:C1"                                                                                               ;
+---------+--------+------------------+-----------------------------------------------------------------------------------------------------+
; Port    ; Type   ; Severity         ; Details                                                                                             ;
+---------+--------+------------------+-----------------------------------------------------------------------------------------------------+
; clk_out ; Output ; Critical Warning ; Port on prototype, e.g. VHDL component, declared as "Bidir" but port on entity declared as "Output" ;
+---------+--------+------------------+-----------------------------------------------------------------------------------------------------+


+-------------------------------+
; Elapsed Time Per Partition    ;
+----------------+--------------+
; Partition Name ; Elapsed Time ;
+----------------+--------------+
; Top            ; 00:00:01     ;
+----------------+--------------+


+-------------------------------+
; Analysis & Synthesis Messages ;
+-------------------------------+
Info: *******************************************************************
Info: Running Quartus II 32-bit Analysis & Synthesis
    Info: Version 13.0.1 Build 232 06/12/2013 Service Pack 1 SJ Full Version
    Info: Processing started: Fri Apr 10 14:22:08 2015
Info: Command: quartus_map --read_settings_files=on --write_settings_files=off lab8 -c lab8
Info (20030): Parallel compilation is enabled and will use 2 of the 2 processors detected
Info (12021): Found 10 design units, including 5 entities, in source file lab8_ip_core.vhd
    Info (12022): Found design unit 1: TEMP2BCD-LOOKUP
    Info (12022): Found design unit 2: CLOCK_DIVIDE-BEHAVIORAL
    Info (12022): Found design unit 3: BINTOHEX-ARRY_IMPLEMENTATION
    Info (12022): Found design unit 4: TRBUF-BEHAVIORAL
    Info (12022): Found design unit 5: lab8-STRUCTURAL
    Info (12023): Found entity 1: TEMP2BCD
    Info (12023): Found entity 2: CLOCK_DIVIDE
    Info (12023): Found entity 3: BINTOHEX
    Info (12023): Found entity 4: TRBUF
    Info (12023): Found entity 5: lab8
Info (12021): Found 1 design units, including 1 entities, in source file lab8.v
    Info (12023): Found entity 1: DS1620_INTERFACE
Info (12127): Elaborating entity "lab8" for the top level hierarchy
Info (12128): Elaborating entity "CLOCK_DIVIDE" for hierarchy "CLOCK_DIVIDE:C1"
Info (12128): Elaborating entity "TEMP2BCD" for hierarchy "TEMP2BCD:C2"
Info (12128): Elaborating entity "DS1620_INTERFACE" for hierarchy "DS1620_INTERFACE:C3"
Warning (10235): Verilog HDL Always Construct warning at lab8.v(48): variable "count" is read inside the Always Construct but isn't in the Always Construct's Event Control
Warning (10235): Verilog HDL Always Construct warning at lab8.v(54): variable "count" is read inside the Always Construct but isn't in the Always Construct's Event Control
Warning (10235): Verilog HDL Always Construct warning at lab8.v(56): variable "count" is read inside the Always Construct but isn't in the Always Construct's Event Control
Warning (10235): Verilog HDL Always Construct warning at lab8.v(59): variable "CLR" is read inside the Always Construct but isn't in the Always Construct's Event Control
Warning (10235): Verilog HDL Always Construct warning at lab8.v(68): variable "count" is read inside the Always Construct but isn't in the Always Construct's Event Control
Warning (10235): Verilog HDL Always Construct warning at lab8.v(76): variable "count" is read inside the Always Construct but isn't in the Always Construct's Event Control
Warning (10235): Verilog HDL Always Construct warning at lab8.v(84): variable "count" is read inside the Always Construct but isn't in the Always Construct's Event Control
Warning (10235): Verilog HDL Always Construct warning at lab8.v(92): variable "count" is read inside the Always Construct but isn't in the Always Construct's Event Control
Warning (10235): Verilog HDL Always Construct warning at lab8.v(93): variable "dq_out_buff" is read inside the Always Construct but isn't in the Always Construct's Event Control
Warning (10235): Verilog HDL Always Construct warning at lab8.v(94): variable "DQ_IN" is read inside the Always Construct but isn't in the Always Construct's Event Control
Warning (10235): Verilog HDL Always Construct warning at lab8.v(98): variable "count" is read inside the Always Construct but isn't in the Always Construct's Event Control
Warning (10230): Verilog HDL assignment warning at lab8.v(100): truncated value with size 32 to match size of target (9)
Warning (10235): Verilog HDL Always Construct warning at lab8.v(104): variable "count" is read inside the Always Construct but isn't in the Always Construct's Event Control
Warning (10235): Verilog HDL Always Construct warning at lab8.v(107): variable "count" is read inside the Always Construct but isn't in the Always Construct's Event Control
Warning (10230): Verilog HDL assignment warning at lab8.v(107): truncated value with size 32 to match size of target (6)
Warning (10240): Verilog HDL Always Construct warning at lab8.v(45): inferring latch(es) for variable "CLK_OUT", which holds its previous value in one or more paths through the always construct
Warning (10240): Verilog HDL Always Construct warning at lab8.v(45): inferring latch(es) for variable "count", which holds its previous value in one or more paths through the always construct
Warning (10240): Verilog HDL Always Construct warning at lab8.v(45): inferring latch(es) for variable "dq_out_buff", which holds its previous value in one or more paths through the always construct
Warning (10240): Verilog HDL Always Construct warning at lab8.v(45): inferring latch(es) for variable "RST", which holds its previous value in one or more paths through the always construct
Warning (10240): Verilog HDL Always Construct warning at lab8.v(45): inferring latch(es) for variable "DQ_OUT", which holds its previous value in one or more paths through the always construct
Warning (10240): Verilog HDL Always Construct warning at lab8.v(45): inferring latch(es) for variable "TRI_EN", which holds its previous value in one or more paths through the always construct
Warning (10240): Verilog HDL Always Construct warning at lab8.v(45): inferring latch(es) for variable "TEMP", which holds its previous value in one or more paths through the always construct
Info (10041): Inferred latch for "TEMP[0]" at lab8.v(45)
Info (10041): Inferred latch for "TEMP[1]" at lab8.v(45)
Info (10041): Inferred latch for "TEMP[2]" at lab8.v(45)
Info (10041): Inferred latch for "TEMP[3]" at lab8.v(45)
Info (10041): Inferred latch for "TEMP[4]" at lab8.v(45)
Info (10041): Inferred latch for "TEMP[5]" at lab8.v(45)
Info (10041): Inferred latch for "TEMP[6]" at lab8.v(45)
Info (10041): Inferred latch for "TEMP[7]" at lab8.v(45)
Info (10041): Inferred latch for "TEMP[8]" at lab8.v(45)
Info (10041): Inferred latch for "TRI_EN" at lab8.v(45)
Info (10041): Inferred latch for "DQ_OUT" at lab8.v(45)
Info (10041): Inferred latch for "RST" at lab8.v(45)
Info (10041): Inferred latch for "count[0]" at lab8.v(51)
Info (10041): Inferred latch for "count[1]" at lab8.v(51)
Info (10041): Inferred latch for "count[2]" at lab8.v(51)
Info (10041): Inferred latch for "count[3]" at lab8.v(51)
Info (10041): Inferred latch for "count[4]" at lab8.v(51)
Info (10041): Inferred latch for "count[5]" at lab8.v(51)
Info (10041): Inferred latch for "CLK_OUT" at lab8.v(51)
Info (12128): Elaborating entity "TRBUF" for hierarchy "TRBUF:C4"
Info (12128): Elaborating entity "BINTOHEX" for hierarchy "BINTOHEX:C5"
Warning (12241): 1 hierarchies have connectivity warnings - see the Connectivity Checks report folder
Warning (13012): Latch DS1620_INTERFACE:C3|CLK_OUT has unsafe behavior
    Warning (13013): Ports D and ENA on the latch are fed by the same signal CLOCK_DIVIDE:C1|CLK_OUT
Warning (13024): Output pins are stuck at VCC or GND
    Warning (13410): Pin "HEX0[0]" is stuck at VCC
    Warning (13410): Pin "HEX0[1]" is stuck at VCC
    Warning (13410): Pin "HEX0[2]" is stuck at VCC
    Warning (13410): Pin "HEX0[3]" is stuck at VCC
    Warning (13410): Pin "HEX0[4]" is stuck at VCC
    Warning (13410): Pin "HEX0[5]" is stuck at VCC
    Warning (13410): Pin "HEX0[6]" is stuck at VCC
    Warning (13410): Pin "HEX1[1]" is stuck at GND
    Warning (13410): Pin "HEX1[5]" is stuck at VCC
    Warning (13410): Pin "HEX2[0]" is stuck at GND
    Warning (13410): Pin "HEX2[3]" is stuck at GND
    Warning (13410): Pin "HEX2[6]" is stuck at GND
    Warning (13410): Pin "HEX3[0]" is stuck at VCC
    Warning (13410): Pin "HEX3[1]" is stuck at GND
    Warning (13410): Pin "HEX3[2]" is stuck at GND
    Warning (13410): Pin "HEX3[3]" is stuck at VCC
    Warning (13410): Pin "HEX3[4]" is stuck at VCC
    Warning (13410): Pin "HEX3[5]" is stuck at VCC
    Warning (13410): Pin "HEX3[6]" is stuck at VCC
Info (286030): Timing-Driven Synthesis is running
Info (144001): Generated suppressed messages file C:/Users/csb0019/Documents/uah/cpe322_324/lab08/output_files/lab8.map.smsg
Info (16010): Generating hard_block partition "hard_block:auto_generated_inst"
    Info (16011): Adding 0 node(s), including 0 DDIO, 0 PLL, 0 transceiver and 0 LCELL
Info (21057): Implemented 76 device resources after synthesis - the final resource count might be different
    Info (21058): Implemented 3 input pins
    Info (21059): Implemented 30 output pins
    Info (21060): Implemented 1 bidirectional pins
    Info (21061): Implemented 42 logic cells
Info: Quartus II 32-bit Analysis & Synthesis was successful. 0 errors, 45 warnings
    Info: Peak virtual memory: 359 megabytes
    Info: Processing ended: Fri Apr 10 14:22:15 2015
    Info: Elapsed time: 00:00:07
    Info: Total CPU time (on all processors): 00:00:03


+------------------------------------------+
; Analysis & Synthesis Suppressed Messages ;
+------------------------------------------+
The suppressed messages can be found in C:/Users/csb0019/Documents/uah/cpe322_324/lab08/output_files/lab8.map.smsg.


